{"/Users/vilastadoori/_Haystack_proj/gui/haystack-gui/postcss.config.js": {"path":"/Users/vilastadoori/_Haystack_proj/gui/haystack-gui/postcss.config.js","all":true,"statementMap":{"0":{"start":{"line":1,"column":0},"end":{"line":1,"column":16}},"1":{"start":{"line":2,"column":0},"end":{"line":2,"column":12}},"2":{"start":{"line":3,"column":0},"end":{"line":3,"column":20}},"3":{"start":{"line":4,"column":0},"end":{"line":4,"column":21}},"4":{"start":{"line":5,"column":0},"end":{"line":5,"column":4}},"5":{"start":{"line":6,"column":0},"end":{"line":6,"column":1}}},"s":{"0":0,"1":0,"2":0,"3":0,"4":0,"5":0},"branchMap":{"0":{"type":"branch","line":1,"loc":{"start":{"line":1,"column":79},"end":{"line":6,"column":1}},"locations":[{"start":{"line":1,"column":79},"end":{"line":6,"column":1}}]}},"b":{"0":[0]},"fnMap":{"0":{"name":"(empty-report)","decl":{"start":{"line":1,"column":79},"end":{"line":6,"column":1}},"loc":{"start":{"line":1,"column":79},"end":{"line":6,"column":1}},"line":1}},"f":{"0":0}}
,"/Users/vilastadoori/_Haystack_proj/gui/haystack-gui/tailwind.config.js": {"path":"/Users/vilastadoori/_Haystack_proj/gui/haystack-gui/tailwind.config.js","all":true,"statementMap":{"0":{"start":{"line":1,"column":0},"end":{"line":1,"column":43}},"1":{"start":{"line":2,"column":0},"end":{"line":2,"column":16}},"2":{"start":{"line":3,"column":0},"end":{"line":3,"column":12}},"3":{"start":{"line":4,"column":0},"end":{"line":4,"column":19}},"4":{"start":{"line":5,"column":0},"end":{"line":5,"column":33}},"5":{"start":{"line":6,"column":0},"end":{"line":6,"column":4}},"6":{"start":{"line":7,"column":0},"end":{"line":7,"column":10}},"7":{"start":{"line":8,"column":0},"end":{"line":8,"column":15}},"8":{"start":{"line":9,"column":0},"end":{"line":9,"column":4}},"9":{"start":{"line":10,"column":0},"end":{"line":10,"column":14}},"10":{"start":{"line":11,"column":0},"end":{"line":11,"column":1}}},"s":{"0":0,"1":0,"2":0,"3":0,"4":0,"5":0,"6":0,"7":0,"8":0,"9":0,"10":0},"branchMap":{"0":{"type":"branch","line":1,"loc":{"start":{"line":1,"column":181},"end":{"line":11,"column":1}},"locations":[{"start":{"line":1,"column":181},"end":{"line":11,"column":1}}]}},"b":{"0":[0]},"fnMap":{"0":{"name":"(empty-report)","decl":{"start":{"line":1,"column":181},"end":{"line":11,"column":1}},"loc":{"start":{"line":1,"column":181},"end":{"line":11,"column":1}},"line":1}},"f":{"0":0}}
,"/Users/vilastadoori/_Haystack_proj/gui/haystack-gui/src/App.tsx": {"path":"/Users/vilastadoori/_Haystack_proj/gui/haystack-gui/src/App.tsx","all":false,"statementMap":{"48":{"start":{"line":49,"column":0},"end":{"line":49,"column":55}},"49":{"start":{"line":50,"column":0},"end":{"line":50,"column":47}},"50":{"start":{"line":51,"column":0},"end":{"line":51,"column":51}},"51":{"start":{"line":52,"column":0},"end":{"line":52,"column":53}},"52":{"start":{"line":53,"column":0},"end":{"line":53,"column":57}},"53":{"start":{"line":54,"column":0},"end":{"line":54,"column":53}},"54":{"start":{"line":55,"column":0},"end":{"line":55,"column":52}},"65":{"start":{"line":66,"column":0},"end":{"line":66,"column":16}},"80":{"start":{"line":81,"column":0},"end":{"line":81,"column":9}},"81":{"start":{"line":82,"column":0},"end":{"line":82,"column":10}},"82":{"start":{"line":83,"column":0},"end":{"line":83,"column":10}},"83":{"start":{"line":84,"column":0},"end":{"line":84,"column":12}},"84":{"start":{"line":85,"column":0},"end":{"line":85,"column":12}},"85":{"start":{"line":86,"column":0},"end":{"line":86,"column":10}},"86":{"start":{"line":87,"column":0},"end":{"line":87,"column":14}},"87":{"start":{"line":88,"column":0},"end":{"line":88,"column":13}},"88":{"start":{"line":89,"column":0},"end":{"line":89,"column":18}},"89":{"start":{"line":90,"column":0},"end":{"line":90,"column":13}},"90":{"start":{"line":91,"column":0},"end":{"line":91,"column":33}},"92":{"start":{"line":93,"column":0},"end":{"line":93,"column":9}},"93":{"start":{"line":94,"column":0},"end":{"line":94,"column":11}},"94":{"start":{"line":95,"column":0},"end":{"line":95,"column":35}},"95":{"start":{"line":96,"column":0},"end":{"line":96,"column":37}},"96":{"start":{"line":97,"column":0},"end":{"line":97,"column":40}},"99":{"start":{"line":100,"column":0},"end":{"line":100,"column":54}},"103":{"start":{"line":104,"column":0},"end":{"line":104,"column":19}},"104":{"start":{"line":105,"column":0},"end":{"line":105,"column":80}},"105":{"start":{"line":106,"column":0},"end":{"line":106,"column":51}},"106":{"start":{"line":107,"column":0},"end":{"line":107,"column":22}},"107":{"start":{"line":108,"column":0},"end":{"line":108,"column":5}},"108":{"start":{"line":109,"column":0},"end":{"line":109,"column":29}},"111":{"start":{"line":112,"column":0},"end":{"line":112,"column":37}},"114":{"start":{"line":115,"column":0},"end":{"line":115,"column":75}},"115":{"start":{"line":116,"column":0},"end":{"line":116,"column":69}},"116":{"start":{"line":117,"column":0},"end":{"line":117,"column":61}},"117":{"start":{"line":118,"column":0},"end":{"line":118,"column":17}},"120":{"start":{"line":121,"column":0},"end":{"line":121,"column":34}},"122":{"start":{"line":123,"column":0},"end":{"line":123,"column":44}},"124":{"start":{"line":125,"column":0},"end":{"line":125,"column":10}},"125":{"start":{"line":126,"column":0},"end":{"line":126,"column":45}},"126":{"start":{"line":127,"column":0},"end":{"line":127,"column":61}},"127":{"start":{"line":128,"column":0},"end":{"line":128,"column":33}},"128":{"start":{"line":129,"column":0},"end":{"line":129,"column":64}},"130":{"start":{"line":131,"column":0},"end":{"line":131,"column":15}},"131":{"start":{"line":132,"column":0},"end":{"line":132,"column":23}},"132":{"start":{"line":133,"column":0},"end":{"line":133,"column":27}},"133":{"start":{"line":134,"column":0},"end":{"line":134,"column":43}},"134":{"start":{"line":135,"column":0},"end":{"line":135,"column":43}},"135":{"start":{"line":136,"column":0},"end":{"line":136,"column":45}},"136":{"start":{"line":137,"column":0},"end":{"line":137,"column":12}},"137":{"start":{"line":138,"column":0},"end":{"line":138,"column":17}},"139":{"start":{"line":140,"column":0},"end":{"line":140,"column":14}},"140":{"start":{"line":141,"column":0},"end":{"line":141,"column":20}},"141":{"start":{"line":142,"column":0},"end":{"line":142,"column":25}},"142":{"start":{"line":143,"column":0},"end":{"line":143,"column":25}},"143":{"start":{"line":144,"column":0},"end":{"line":144,"column":33}},"144":{"start":{"line":145,"column":0},"end":{"line":145,"column":36}},"145":{"start":{"line":146,"column":0},"end":{"line":146,"column":36}},"146":{"start":{"line":147,"column":0},"end":{"line":147,"column":35}},"147":{"start":{"line":148,"column":0},"end":{"line":148,"column":33}},"148":{"start":{"line":149,"column":0},"end":{"line":149,"column":12}},"150":{"start":{"line":151,"column":0},"end":{"line":151,"column":25}},"151":{"start":{"line":152,"column":0},"end":{"line":152,"column":52}},"152":{"start":{"line":153,"column":0},"end":{"line":153,"column":33}},"153":{"start":{"line":154,"column":0},"end":{"line":154,"column":12}},"155":{"start":{"line":156,"column":0},"end":{"line":156,"column":57}},"157":{"start":{"line":158,"column":0},"end":{"line":158,"column":22}},"158":{"start":{"line":159,"column":0},"end":{"line":159,"column":29}},"159":{"start":{"line":160,"column":0},"end":{"line":160,"column":33}},"160":{"start":{"line":161,"column":0},"end":{"line":161,"column":25}},"161":{"start":{"line":162,"column":0},"end":{"line":162,"column":25}},"162":{"start":{"line":163,"column":0},"end":{"line":163,"column":12}},"163":{"start":{"line":164,"column":0},"end":{"line":164,"column":15}},"164":{"start":{"line":165,"column":0},"end":{"line":165,"column":12}},"165":{"start":{"line":166,"column":0},"end":{"line":166,"column":10}},"167":{"start":{"line":168,"column":0},"end":{"line":168,"column":1}},"169":{"start":{"line":170,"column":0},"end":{"line":170,"column":19}}},"s":{"48":1,"49":1,"50":1,"51":1,"52":1,"53":1,"54":1,"65":50,"80":50,"81":50,"82":50,"83":50,"84":50,"85":50,"86":50,"87":50,"88":50,"89":50,"90":50,"92":50,"93":50,"94":50,"95":50,"96":50,"99":50,"103":50,"104":35,"105":1,"106":1,"107":1,"108":50,"111":50,"114":50,"115":1,"116":1,"117":50,"120":50,"122":50,"124":50,"125":50,"126":50,"127":50,"128":50,"130":50,"131":50,"132":50,"133":50,"134":50,"135":50,"136":50,"137":50,"139":50,"140":50,"141":50,"142":50,"143":50,"144":50,"145":50,"146":50,"147":50,"148":50,"150":50,"151":50,"152":50,"153":50,"155":50,"157":50,"158":50,"159":50,"160":50,"161":50,"162":50,"163":50,"164":50,"165":50,"167":50,"169":1},"branchMap":{"0":{"type":"branch","line":66,"loc":{"start":{"line":66,"column":0},"end":{"line":168,"column":1}},"locations":[{"start":{"line":66,"column":0},"end":{"line":168,"column":1}}]},"1":{"type":"branch","line":156,"loc":{"start":{"line":156,"column":11},"end":{"line":156,"column":57}},"locations":[{"start":{"line":156,"column":11},"end":{"line":156,"column":57}}]},"2":{"type":"branch","line":104,"loc":{"start":{"line":104,"column":12},"end":{"line":109,"column":5}},"locations":[{"start":{"line":104,"column":12},"end":{"line":109,"column":5}}]},"3":{"type":"branch","line":105,"loc":{"start":{"line":105,"column":36},"end":{"line":105,"column":79}},"locations":[{"start":{"line":105,"column":36},"end":{"line":105,"column":79}}]},"4":{"type":"branch","line":105,"loc":{"start":{"line":105,"column":79},"end":{"line":108,"column":5}},"locations":[{"start":{"line":105,"column":79},"end":{"line":108,"column":5}}]},"5":{"type":"branch","line":115,"loc":{"start":{"line":115,"column":47},"end":{"line":118,"column":5}},"locations":[{"start":{"line":115,"column":47},"end":{"line":118,"column":5}}]}},"b":{"0":[50],"1":[5],"2":[35],"3":[1],"4":[1],"5":[1]},"fnMap":{"0":{"name":"App","decl":{"start":{"line":66,"column":0},"end":{"line":168,"column":1}},"loc":{"start":{"line":66,"column":0},"end":{"line":168,"column":1}},"line":66}},"f":{"0":50}}
,"/Users/vilastadoori/_Haystack_proj/gui/haystack-gui/src/main.tsx": {"path":"/Users/vilastadoori/_Haystack_proj/gui/haystack-gui/src/main.tsx","all":true,"statementMap":{"0":{"start":{"line":1,"column":0},"end":{"line":1,"column":34}},"1":{"start":{"line":2,"column":0},"end":{"line":2,"column":45}},"2":{"start":{"line":3,"column":0},"end":{"line":3,"column":20}},"3":{"start":{"line":4,"column":0},"end":{"line":4,"column":27}},"5":{"start":{"line":6,"column":0},"end":{"line":6,"column":52}},"6":{"start":{"line":7,"column":0},"end":{"line":7,"column":14}},"7":{"start":{"line":8,"column":0},"end":{"line":8,"column":11}},"8":{"start":{"line":9,"column":0},"end":{"line":9,"column":16}},"9":{"start":{"line":10,"column":0},"end":{"line":10,"column":1}}},"s":{"0":0,"1":0,"2":0,"3":0,"5":0,"6":0,"7":0,"8":0,"9":0},"branchMap":{"0":{"type":"branch","line":1,"loc":{"start":{"line":1,"column":203},"end":{"line":10,"column":-148}},"locations":[{"start":{"line":1,"column":203},"end":{"line":10,"column":-148}}]}},"b":{"0":[0]},"fnMap":{"0":{"name":"(empty-report)","decl":{"start":{"line":1,"column":203},"end":{"line":10,"column":-148}},"loc":{"start":{"line":1,"column":203},"end":{"line":10,"column":-148}},"line":1}},"f":{"0":0}}
,"/Users/vilastadoori/_Haystack_proj/gui/haystack-gui/src/setupTest.ts": {"path":"/Users/vilastadoori/_Haystack_proj/gui/haystack-gui/src/setupTest.ts","all":true,"statementMap":{"0":{"start":{"line":1,"column":0},"end":{"line":1,"column":35}}},"s":{"0":0},"branchMap":{"0":{"type":"branch","line":1,"loc":{"start":{"line":1,"column":0},"end":{"line":1,"column":35}},"locations":[{"start":{"line":1,"column":0},"end":{"line":1,"column":35}}]}},"b":{"0":[0]},"fnMap":{"0":{"name":"(empty-report)","decl":{"start":{"line":1,"column":0},"end":{"line":1,"column":35}},"loc":{"start":{"line":1,"column":0},"end":{"line":1,"column":35}},"line":1}},"f":{"0":0}}
,"/Users/vilastadoori/_Haystack_proj/gui/haystack-gui/src/setupTests.ts": {"path":"/Users/vilastadoori/_Haystack_proj/gui/haystack-gui/src/setupTests.ts","all":true,"statementMap":{"0":{"start":{"line":1,"column":0},"end":{"line":1,"column":35}}},"s":{"0":0},"branchMap":{"0":{"type":"branch","line":1,"loc":{"start":{"line":1,"column":0},"end":{"line":1,"column":35}},"locations":[{"start":{"line":1,"column":0},"end":{"line":1,"column":35}}]}},"b":{"0":[0]},"fnMap":{"0":{"name":"(empty-report)","decl":{"start":{"line":1,"column":0},"end":{"line":1,"column":35}},"loc":{"start":{"line":1,"column":0},"end":{"line":1,"column":35}},"line":1}},"f":{"0":0}}
,"/Users/vilastadoori/_Haystack_proj/gui/haystack-gui/src/components/ExampleQueries.tsx": {"path":"/Users/vilastadoori/_Haystack_proj/gui/haystack-gui/src/components/ExampleQueries.tsx","all":false,"statementMap":{"25":{"start":{"line":26,"column":0},"end":{"line":26,"column":25}},"26":{"start":{"line":27,"column":0},"end":{"line":27,"column":14}},"27":{"start":{"line":28,"column":0},"end":{"line":28,"column":25}},"28":{"start":{"line":29,"column":0},"end":{"line":29,"column":28}},"29":{"start":{"line":30,"column":0},"end":{"line":30,"column":22}},"30":{"start":{"line":31,"column":0},"end":{"line":31,"column":2}},"32":{"start":{"line":33,"column":0},"end":{"line":33,"column":91}},"33":{"start":{"line":34,"column":0},"end":{"line":34,"column":10}},"34":{"start":{"line":35,"column":0},"end":{"line":35,"column":8}},"35":{"start":{"line":36,"column":0},"end":{"line":36,"column":18}},"36":{"start":{"line":37,"column":0},"end":{"line":37,"column":34}},"37":{"start":{"line":38,"column":0},"end":{"line":38,"column":22}},"39":{"start":{"line":40,"column":0},"end":{"line":40,"column":78}},"40":{"start":{"line":41,"column":0},"end":{"line":41,"column":44}},"41":{"start":{"line":42,"column":0},"end":{"line":42,"column":41}},"42":{"start":{"line":43,"column":0},"end":{"line":43,"column":17}},"43":{"start":{"line":44,"column":0},"end":{"line":44,"column":23}},"44":{"start":{"line":45,"column":0},"end":{"line":45,"column":48}},"45":{"start":{"line":46,"column":0},"end":{"line":46,"column":32}},"46":{"start":{"line":47,"column":0},"end":{"line":47,"column":47}},"47":{"start":{"line":48,"column":0},"end":{"line":48,"column":191}},"49":{"start":{"line":50,"column":0},"end":{"line":50,"column":19}},"50":{"start":{"line":51,"column":0},"end":{"line":51,"column":19}},"51":{"start":{"line":52,"column":0},"end":{"line":52,"column":11}},"52":{"start":{"line":53,"column":0},"end":{"line":53,"column":12}},"53":{"start":{"line":54,"column":0},"end":{"line":54,"column":10}},"55":{"start":{"line":56,"column":0},"end":{"line":56,"column":1}}},"s":{"25":1,"26":1,"27":1,"28":1,"29":1,"30":1,"32":56,"33":56,"34":56,"35":56,"36":56,"37":56,"39":56,"40":56,"41":56,"42":224,"43":224,"44":224,"45":224,"46":224,"47":224,"49":224,"50":224,"51":56,"52":56,"53":56,"55":56},"branchMap":{"0":{"type":"branch","line":33,"loc":{"start":{"line":33,"column":0},"end":{"line":56,"column":1}},"locations":[{"start":{"line":33,"column":0},"end":{"line":56,"column":1}}]},"1":{"type":"branch","line":42,"loc":{"start":{"line":42,"column":29},"end":{"line":51,"column":19}},"locations":[{"start":{"line":42,"column":29},"end":{"line":51,"column":19}}]},"2":{"type":"branch","line":45,"loc":{"start":{"line":45,"column":21},"end":{"line":45,"column":48}},"locations":[{"start":{"line":45,"column":21},"end":{"line":45,"column":48}}]}},"b":{"0":[56],"1":[224],"2":[6]},"fnMap":{"0":{"name":"ExampleQueries","decl":{"start":{"line":33,"column":0},"end":{"line":56,"column":1}},"loc":{"start":{"line":33,"column":0},"end":{"line":56,"column":1}},"line":33},"1":{"name":"onClick","decl":{"start":{"line":45,"column":21},"end":{"line":45,"column":48}},"loc":{"start":{"line":45,"column":21},"end":{"line":45,"column":48}},"line":45}},"f":{"0":56,"1":6}}
,"/Users/vilastadoori/_Haystack_proj/gui/haystack-gui/src/components/HealthStatus.tsx": {"path":"/Users/vilastadoori/_Haystack_proj/gui/haystack-gui/src/components/HealthStatus.tsx","all":false,"statementMap":{"26":{"start":{"line":27,"column":0},"end":{"line":27,"column":54}},"37":{"start":{"line":38,"column":0},"end":{"line":38,"column":38}},"38":{"start":{"line":39,"column":0},"end":{"line":39,"column":9}},"39":{"start":{"line":40,"column":0},"end":{"line":40,"column":14}},"40":{"start":{"line":41,"column":0},"end":{"line":41,"column":12}},"41":{"start":{"line":42,"column":0},"end":{"line":42,"column":15}},"42":{"start":{"line":43,"column":0},"end":{"line":43,"column":23}},"44":{"start":{"line":45,"column":0},"end":{"line":45,"column":29}},"45":{"start":{"line":46,"column":0},"end":{"line":46,"column":21}},"46":{"start":{"line":47,"column":0},"end":{"line":47,"column":21}},"47":{"start":{"line":48,"column":0},"end":{"line":48,"column":30}},"48":{"start":{"line":49,"column":0},"end":{"line":49,"column":23}},"49":{"start":{"line":50,"column":0},"end":{"line":50,"column":28}},"50":{"start":{"line":51,"column":0},"end":{"line":51,"column":14}},"51":{"start":{"line":52,"column":0},"end":{"line":52,"column":29}},"52":{"start":{"line":53,"column":0},"end":{"line":53,"column":5}},"53":{"start":{"line":54,"column":0},"end":{"line":54,"column":4}},"56":{"start":{"line":57,"column":0},"end":{"line":57,"column":31}},"57":{"start":{"line":58,"column":0},"end":{"line":58,"column":21}},"58":{"start":{"line":59,"column":0},"end":{"line":59,"column":21}},"59":{"start":{"line":60,"column":0},"end":{"line":60,"column":25}},"60":{"start":{"line":61,"column":0},"end":{"line":61,"column":23}},"61":{"start":{"line":62,"column":0},"end":{"line":62,"column":29}},"62":{"start":{"line":63,"column":0},"end":{"line":63,"column":14}},"63":{"start":{"line":64,"column":0},"end":{"line":64,"column":25}},"64":{"start":{"line":65,"column":0},"end":{"line":65,"column":5}},"65":{"start":{"line":66,"column":0},"end":{"line":66,"column":4}},"67":{"start":{"line":68,"column":0},"end":{"line":68,"column":10}},"68":{"start":{"line":69,"column":0},"end":{"line":69,"column":92}},"70":{"start":{"line":71,"column":0},"end":{"line":71,"column":10}},"71":{"start":{"line":72,"column":0},"end":{"line":72,"column":21}},"72":{"start":{"line":73,"column":0},"end":{"line":73,"column":47}},"73":{"start":{"line":74,"column":0},"end":{"line":74,"column":59}},"74":{"start":{"line":75,"column":0},"end":{"line":75,"column":38}},"75":{"start":{"line":76,"column":0},"end":{"line":76,"column":8}},"78":{"start":{"line":79,"column":0},"end":{"line":79,"column":82}},"81":{"start":{"line":82,"column":0},"end":{"line":82,"column":46}},"82":{"start":{"line":83,"column":0},"end":{"line":83,"column":52}},"83":{"start":{"line":84,"column":0},"end":{"line":84,"column":13}},"86":{"start":{"line":87,"column":0},"end":{"line":87,"column":13}},"87":{"start":{"line":88,"column":0},"end":{"line":88,"column":27}},"88":{"start":{"line":89,"column":0},"end":{"line":89,"column":31}},"89":{"start":{"line":90,"column":0},"end":{"line":90,"column":42}},"90":{"start":{"line":91,"column":0},"end":{"line":91,"column":195}},"92":{"start":{"line":93,"column":0},"end":{"line":93,"column":52}},"93":{"start":{"line":94,"column":0},"end":{"line":94,"column":15}},"94":{"start":{"line":95,"column":0},"end":{"line":95,"column":10}},"96":{"start":{"line":97,"column":0},"end":{"line":97,"column":1}}},"s":{"26":1,"37":61,"38":61,"39":61,"40":61,"41":61,"42":61,"44":61,"45":61,"46":61,"47":2,"48":61,"49":42,"50":61,"51":17,"52":61,"53":61,"56":61,"57":61,"58":61,"59":2,"60":61,"61":42,"62":61,"63":17,"64":61,"65":61,"67":61,"68":61,"70":61,"71":61,"72":61,"73":61,"74":61,"75":61,"78":61,"81":61,"82":61,"83":61,"86":61,"87":61,"88":61,"89":61,"90":61,"92":61,"93":61,"94":61,"96":61},"branchMap":{"0":{"type":"branch","line":38,"loc":{"start":{"line":38,"column":0},"end":{"line":97,"column":1}},"locations":[{"start":{"line":38,"column":0},"end":{"line":97,"column":1}}]},"1":{"type":"branch","line":93,"loc":{"start":{"line":93,"column":9},"end":{"line":93,"column":42}},"locations":[{"start":{"line":93,"column":9},"end":{"line":93,"column":42}}]},"2":{"type":"branch","line":93,"loc":{"start":{"line":93,"column":24},"end":{"line":93,"column":52}},"locations":[{"start":{"line":93,"column":24},"end":{"line":93,"column":52}}]},"3":{"type":"branch","line":45,"loc":{"start":{"line":45,"column":22},"end":{"line":54,"column":4}},"locations":[{"start":{"line":45,"column":22},"end":{"line":54,"column":4}}]},"4":{"type":"branch","line":47,"loc":{"start":{"line":47,"column":6},"end":{"line":48,"column":30}},"locations":[{"start":{"line":47,"column":6},"end":{"line":48,"column":30}}]},"5":{"type":"branch","line":49,"loc":{"start":{"line":49,"column":6},"end":{"line":50,"column":28}},"locations":[{"start":{"line":49,"column":6},"end":{"line":50,"column":28}}]},"6":{"type":"branch","line":51,"loc":{"start":{"line":51,"column":6},"end":{"line":52,"column":29}},"locations":[{"start":{"line":51,"column":6},"end":{"line":52,"column":29}}]},"7":{"type":"branch","line":57,"loc":{"start":{"line":57,"column":24},"end":{"line":66,"column":4}},"locations":[{"start":{"line":57,"column":24},"end":{"line":66,"column":4}}]},"8":{"type":"branch","line":59,"loc":{"start":{"line":59,"column":6},"end":{"line":60,"column":25}},"locations":[{"start":{"line":59,"column":6},"end":{"line":60,"column":25}}]},"9":{"type":"branch","line":61,"loc":{"start":{"line":61,"column":6},"end":{"line":62,"column":29}},"locations":[{"start":{"line":61,"column":6},"end":{"line":62,"column":29}}]},"10":{"type":"branch","line":63,"loc":{"start":{"line":63,"column":6},"end":{"line":64,"column":25}},"locations":[{"start":{"line":63,"column":6},"end":{"line":64,"column":25}}]}},"b":{"0":[61],"1":[1],"2":[60],"3":[61],"4":[2],"5":[42],"6":[17],"7":[61],"8":[2],"9":[42],"10":[17]},"fnMap":{"0":{"name":"HealthStatus","decl":{"start":{"line":38,"column":0},"end":{"line":97,"column":1}},"loc":{"start":{"line":38,"column":0},"end":{"line":97,"column":1}},"line":38},"1":{"name":"getDotColor","decl":{"start":{"line":45,"column":22},"end":{"line":54,"column":4}},"loc":{"start":{"line":45,"column":22},"end":{"line":54,"column":4}},"line":45},"2":{"name":"getStatusText","decl":{"start":{"line":57,"column":24},"end":{"line":66,"column":4}},"loc":{"start":{"line":57,"column":24},"end":{"line":66,"column":4}},"line":57}},"f":{"0":61,"1":61,"2":61}}
,"/Users/vilastadoori/_Haystack_proj/gui/haystack-gui/src/components/LoadingSpinner.tsx": {"path":"/Users/vilastadoori/_Haystack_proj/gui/haystack-gui/src/components/LoadingSpinner.tsx","all":false,"statementMap":{"0":{"start":{"line":1,"column":0},"end":{"line":1,"column":42}},"1":{"start":{"line":2,"column":0},"end":{"line":2,"column":12}},"2":{"start":{"line":3,"column":0},"end":{"line":3,"column":12}},"3":{"start":{"line":4,"column":0},"end":{"line":4,"column":25}},"4":{"start":{"line":5,"column":0},"end":{"line":5,"column":32}},"5":{"start":{"line":6,"column":0},"end":{"line":6,"column":70}},"6":{"start":{"line":7,"column":0},"end":{"line":7,"column":115}},"7":{"start":{"line":8,"column":0},"end":{"line":8,"column":68}},"8":{"start":{"line":9,"column":0},"end":{"line":9,"column":14}},"11":{"start":{"line":12,"column":0},"end":{"line":12,"column":1}}},"s":{"0":11,"1":11,"2":11,"3":11,"4":11,"5":11,"6":11,"7":11,"8":11,"11":11},"branchMap":{"0":{"type":"branch","line":1,"loc":{"start":{"line":1,"column":0},"end":{"line":12,"column":1}},"locations":[{"start":{"line":1,"column":0},"end":{"line":12,"column":1}}]}},"b":{"0":[11]},"fnMap":{"0":{"name":"LoadingSpinner","decl":{"start":{"line":1,"column":0},"end":{"line":12,"column":1}},"loc":{"start":{"line":1,"column":0},"end":{"line":12,"column":1}},"line":1}},"f":{"0":11}}
,"/Users/vilastadoori/_Haystack_proj/gui/haystack-gui/src/components/MetricsPanel.tsx": {"path":"/Users/vilastadoori/_Haystack_proj/gui/haystack-gui/src/components/MetricsPanel.tsx","all":false,"statementMap":{"25":{"start":{"line":26,"column":0},"end":{"line":26,"column":70}},"27":{"start":{"line":28,"column":0},"end":{"line":28,"column":25}},"28":{"start":{"line":29,"column":0},"end":{"line":29,"column":16}},"29":{"start":{"line":30,"column":0},"end":{"line":30,"column":3}},"32":{"start":{"line":33,"column":0},"end":{"line":33,"column":70}},"34":{"start":{"line":35,"column":0},"end":{"line":35,"column":10}},"35":{"start":{"line":36,"column":0},"end":{"line":36,"column":12}},"36":{"start":{"line":37,"column":0},"end":{"line":37,"column":19}},"37":{"start":{"line":38,"column":0},"end":{"line":38,"column":33}},"38":{"start":{"line":39,"column":0},"end":{"line":39,"column":71}},"40":{"start":{"line":41,"column":0},"end":{"line":41,"column":33}},"42":{"start":{"line":43,"column":0},"end":{"line":43,"column":45}},"43":{"start":{"line":44,"column":0},"end":{"line":44,"column":71}},"44":{"start":{"line":45,"column":0},"end":{"line":45,"column":12}},"47":{"start":{"line":48,"column":0},"end":{"line":48,"column":45}},"48":{"start":{"line":49,"column":0},"end":{"line":49,"column":89}},"49":{"start":{"line":50,"column":0},"end":{"line":50,"column":12}},"52":{"start":{"line":53,"column":0},"end":{"line":53,"column":45}},"53":{"start":{"line":54,"column":0},"end":{"line":54,"column":77}},"54":{"start":{"line":55,"column":0},"end":{"line":55,"column":12}},"55":{"start":{"line":56,"column":0},"end":{"line":56,"column":12}},"56":{"start":{"line":57,"column":0},"end":{"line":57,"column":14}},"58":{"start":{"line":59,"column":0},"end":{"line":59,"column":1}}},"s":{"25":13,"27":13,"28":1,"29":1,"32":13,"34":13,"35":13,"36":13,"37":13,"38":13,"40":13,"42":13,"43":13,"44":13,"47":13,"48":13,"49":13,"52":13,"53":13,"54":13,"55":13,"56":13,"58":13},"branchMap":{"0":{"type":"branch","line":26,"loc":{"start":{"line":26,"column":0},"end":{"line":59,"column":1}},"locations":[{"start":{"line":26,"column":0},"end":{"line":59,"column":1}}]},"1":{"type":"branch","line":28,"loc":{"start":{"line":28,"column":24},"end":{"line":30,"column":3}},"locations":[{"start":{"line":28,"column":24},"end":{"line":30,"column":3}}]},"2":{"type":"branch","line":30,"loc":{"start":{"line":30,"column":2},"end":{"line":33,"column":49}},"locations":[{"start":{"line":30,"column":2},"end":{"line":33,"column":49}}]},"3":{"type":"branch","line":33,"loc":{"start":{"line":33,"column":45},"end":{"line":33,"column":60}},"locations":[{"start":{"line":33,"column":45},"end":{"line":33,"column":60}}]},"4":{"type":"branch","line":33,"loc":{"start":{"line":33,"column":49},"end":{"line":33,"column":70}},"locations":[{"start":{"line":33,"column":49},"end":{"line":33,"column":70}}]}},"b":{"0":[13],"1":[1],"2":[12],"3":[3],"4":[9]},"fnMap":{"0":{"name":"MetricsPanel","decl":{"start":{"line":26,"column":0},"end":{"line":59,"column":1}},"loc":{"start":{"line":26,"column":0},"end":{"line":59,"column":1}},"line":26}},"f":{"0":13}}
,"/Users/vilastadoori/_Haystack_proj/gui/haystack-gui/src/components/ResultCard.tsx": {"path":"/Users/vilastadoori/_Haystack_proj/gui/haystack-gui/src/components/ResultCard.tsx","all":false,"statementMap":{"16":{"start":{"line":17,"column":0},"end":{"line":17,"column":50}},"24":{"start":{"line":25,"column":0},"end":{"line":25,"column":71}},"25":{"start":{"line":26,"column":0},"end":{"line":26,"column":10}},"26":{"start":{"line":27,"column":0},"end":{"line":27,"column":12}},"27":{"start":{"line":28,"column":0},"end":{"line":28,"column":20}},"28":{"start":{"line":29,"column":0},"end":{"line":29,"column":42}},"29":{"start":{"line":30,"column":0},"end":{"line":30,"column":79}},"31":{"start":{"line":32,"column":0},"end":{"line":32,"column":61}},"32":{"start":{"line":33,"column":0},"end":{"line":33,"column":49}},"33":{"start":{"line":34,"column":0},"end":{"line":34,"column":66}},"34":{"start":{"line":35,"column":0},"end":{"line":35,"column":72}},"35":{"start":{"line":36,"column":0},"end":{"line":36,"column":14}},"36":{"start":{"line":37,"column":0},"end":{"line":37,"column":13}},"37":{"start":{"line":38,"column":0},"end":{"line":38,"column":69}},"38":{"start":{"line":39,"column":0},"end":{"line":39,"column":53}},"40":{"start":{"line":41,"column":0},"end":{"line":41,"column":37}},"41":{"start":{"line":42,"column":0},"end":{"line":42,"column":15}},"42":{"start":{"line":43,"column":0},"end":{"line":43,"column":12}},"43":{"start":{"line":44,"column":0},"end":{"line":44,"column":55}},"44":{"start":{"line":45,"column":0},"end":{"line":45,"column":14}},"46":{"start":{"line":47,"column":0},"end":{"line":47,"column":1}}},"s":{"16":1,"24":41,"25":41,"26":41,"27":41,"28":41,"29":41,"31":41,"32":41,"33":41,"34":41,"35":41,"36":41,"37":41,"38":41,"40":41,"41":41,"42":41,"43":41,"44":41,"46":41},"branchMap":{"0":{"type":"branch","line":25,"loc":{"start":{"line":25,"column":0},"end":{"line":47,"column":1}},"locations":[{"start":{"line":25,"column":0},"end":{"line":47,"column":1}}]}},"b":{"0":[41]},"fnMap":{"0":{"name":"ResultCard","decl":{"start":{"line":25,"column":0},"end":{"line":47,"column":1}},"loc":{"start":{"line":25,"column":0},"end":{"line":47,"column":1}},"line":25}},"f":{"0":41}}
,"/Users/vilastadoori/_Haystack_proj/gui/haystack-gui/src/components/ResultsList.tsx": {"path":"/Users/vilastadoori/_Haystack_proj/gui/haystack-gui/src/components/ResultsList.tsx","all":false,"statementMap":{"25":{"start":{"line":26,"column":0},"end":{"line":26,"column":38}},"27":{"start":{"line":28,"column":0},"end":{"line":28,"column":46}},"36":{"start":{"line":37,"column":0},"end":{"line":37,"column":37}},"37":{"start":{"line":38,"column":0},"end":{"line":38,"column":10}},"38":{"start":{"line":39,"column":0},"end":{"line":39,"column":12}},"39":{"start":{"line":40,"column":0},"end":{"line":40,"column":8}},"40":{"start":{"line":41,"column":0},"end":{"line":41,"column":8}},"41":{"start":{"line":42,"column":0},"end":{"line":42,"column":22}},"43":{"start":{"line":44,"column":0},"end":{"line":44,"column":18}},"44":{"start":{"line":45,"column":0},"end":{"line":45,"column":30}},"45":{"start":{"line":46,"column":0},"end":{"line":46,"column":3}},"48":{"start":{"line":49,"column":0},"end":{"line":49,"column":23}},"49":{"start":{"line":50,"column":0},"end":{"line":50,"column":12}},"50":{"start":{"line":51,"column":0},"end":{"line":51,"column":40}},"51":{"start":{"line":52,"column":0},"end":{"line":52,"column":59}},"52":{"start":{"line":53,"column":0},"end":{"line":53,"column":12}},"54":{"start":{"line":55,"column":0},"end":{"line":55,"column":3}},"58":{"start":{"line":59,"column":0},"end":{"line":59,"column":49}},"59":{"start":{"line":60,"column":0},"end":{"line":60,"column":12}},"60":{"start":{"line":61,"column":0},"end":{"line":61,"column":40}},"61":{"start":{"line":62,"column":0},"end":{"line":62,"column":71}},"62":{"start":{"line":63,"column":0},"end":{"line":63,"column":12}},"64":{"start":{"line":65,"column":0},"end":{"line":65,"column":3}},"68":{"start":{"line":69,"column":0},"end":{"line":69,"column":10}},"69":{"start":{"line":70,"column":0},"end":{"line":70,"column":9}},"70":{"start":{"line":71,"column":0},"end":{"line":71,"column":63}},"71":{"start":{"line":72,"column":0},"end":{"line":72,"column":47}},"72":{"start":{"line":73,"column":0},"end":{"line":73,"column":11}},"73":{"start":{"line":74,"column":0},"end":{"line":74,"column":11}},"74":{"start":{"line":75,"column":0},"end":{"line":75,"column":41}},"75":{"start":{"line":76,"column":0},"end":{"line":76,"column":76}},"76":{"start":{"line":77,"column":0},"end":{"line":77,"column":11}},"77":{"start":{"line":78,"column":0},"end":{"line":78,"column":12}},"78":{"start":{"line":79,"column":0},"end":{"line":79,"column":10}},"80":{"start":{"line":81,"column":0},"end":{"line":81,"column":1}}},"s":{"25":1,"27":1,"36":58,"37":58,"38":58,"39":58,"40":58,"41":58,"43":58,"44":8,"45":8,"48":58,"49":3,"50":3,"51":3,"52":3,"54":3,"58":58,"59":28,"60":28,"61":28,"62":28,"64":28,"68":19,"69":19,"70":19,"71":19,"72":19,"73":19,"74":19,"75":35,"76":19,"77":19,"78":19,"80":19},"branchMap":{"0":{"type":"branch","line":37,"loc":{"start":{"line":37,"column":0},"end":{"line":81,"column":1}},"locations":[{"start":{"line":37,"column":0},"end":{"line":81,"column":1}}]},"1":{"type":"branch","line":44,"loc":{"start":{"line":44,"column":17},"end":{"line":46,"column":3}},"locations":[{"start":{"line":44,"column":17},"end":{"line":46,"column":3}}]},"2":{"type":"branch","line":46,"loc":{"start":{"line":46,"column":2},"end":{"line":49,"column":22}},"locations":[{"start":{"line":46,"column":2},"end":{"line":49,"column":22}}]},"3":{"type":"branch","line":49,"loc":{"start":{"line":49,"column":22},"end":{"line":55,"column":3}},"locations":[{"start":{"line":49,"column":22},"end":{"line":55,"column":3}}]},"4":{"type":"branch","line":55,"loc":{"start":{"line":55,"column":2},"end":{"line":59,"column":30}},"locations":[{"start":{"line":55,"column":2},"end":{"line":59,"column":30}}]},"5":{"type":"branch","line":59,"loc":{"start":{"line":59,"column":25},"end":{"line":59,"column":48}},"locations":[{"start":{"line":59,"column":25},"end":{"line":59,"column":48}}]},"6":{"type":"branch","line":59,"loc":{"start":{"line":59,"column":48},"end":{"line":65,"column":3}},"locations":[{"start":{"line":59,"column":48},"end":{"line":65,"column":3}}]},"7":{"type":"branch","line":65,"loc":{"start":{"line":65,"column":2},"end":{"line":81,"column":1}},"locations":[{"start":{"line":65,"column":2},"end":{"line":81,"column":1}}]},"8":{"type":"branch","line":75,"loc":{"start":{"line":75,"column":21},"end":{"line":76,"column":76}},"locations":[{"start":{"line":75,"column":21},"end":{"line":76,"column":76}}]}},"b":{"0":[58],"1":[8],"2":[50],"3":[3],"4":[47],"5":[41],"6":[28],"7":[19],"8":[35]},"fnMap":{"0":{"name":"ResultsList","decl":{"start":{"line":37,"column":0},"end":{"line":81,"column":1}},"loc":{"start":{"line":37,"column":0},"end":{"line":81,"column":1}},"line":37}},"f":{"0":58}}
,"/Users/vilastadoori/_Haystack_proj/gui/haystack-gui/src/components/SearchBar.tsx": {"path":"/Users/vilastadoori/_Haystack_proj/gui/haystack-gui/src/components/SearchBar.tsx","all":false,"statementMap":{"40":{"start":{"line":41,"column":0},"end":{"line":41,"column":52}},"52":{"start":{"line":53,"column":0},"end":{"line":53,"column":35}},"53":{"start":{"line":54,"column":0},"end":{"line":54,"column":8}},"54":{"start":{"line":55,"column":0},"end":{"line":55,"column":8}},"55":{"start":{"line":56,"column":0},"end":{"line":56,"column":12}},"56":{"start":{"line":57,"column":0},"end":{"line":57,"column":16}},"57":{"start":{"line":58,"column":0},"end":{"line":58,"column":16}},"58":{"start":{"line":59,"column":0},"end":{"line":59,"column":11}},"59":{"start":{"line":60,"column":0},"end":{"line":60,"column":10}},"60":{"start":{"line":61,"column":0},"end":{"line":61,"column":20}},"61":{"start":{"line":62,"column":0},"end":{"line":62,"column":71}},"64":{"start":{"line":65,"column":0},"end":{"line":65,"column":66}},"65":{"start":{"line":66,"column":0},"end":{"line":66,"column":25}},"66":{"start":{"line":67,"column":0},"end":{"line":67,"column":17}},"67":{"start":{"line":68,"column":0},"end":{"line":68,"column":5}},"68":{"start":{"line":69,"column":0},"end":{"line":69,"column":4}},"71":{"start":{"line":72,"column":0},"end":{"line":72,"column":72}},"72":{"start":{"line":73,"column":0},"end":{"line":73,"column":66}},"73":{"start":{"line":74,"column":0},"end":{"line":74,"column":25}},"74":{"start":{"line":75,"column":0},"end":{"line":75,"column":17}},"75":{"start":{"line":76,"column":0},"end":{"line":76,"column":5}},"76":{"start":{"line":77,"column":0},"end":{"line":77,"column":4}},"78":{"start":{"line":79,"column":0},"end":{"line":79,"column":48}},"79":{"start":{"line":80,"column":0},"end":{"line":80,"column":23}},"81":{"start":{"line":82,"column":0},"end":{"line":82,"column":45}},"82":{"start":{"line":83,"column":0},"end":{"line":83,"column":17}},"83":{"start":{"line":84,"column":0},"end":{"line":84,"column":5}},"84":{"start":{"line":85,"column":0},"end":{"line":85,"column":4}},"86":{"start":{"line":87,"column":0},"end":{"line":87,"column":10}},"87":{"start":{"line":88,"column":0},"end":{"line":88,"column":51}},"88":{"start":{"line":89,"column":0},"end":{"line":89,"column":39}},"90":{"start":{"line":91,"column":0},"end":{"line":91,"column":14}},"91":{"start":{"line":92,"column":0},"end":{"line":92,"column":21}},"92":{"start":{"line":93,"column":0},"end":{"line":93,"column":23}},"93":{"start":{"line":94,"column":0},"end":{"line":94,"column":57}},"94":{"start":{"line":95,"column":0},"end":{"line":95,"column":35}},"95":{"start":{"line":96,"column":0},"end":{"line":96,"column":37}},"96":{"start":{"line":97,"column":0},"end":{"line":97,"column":50}},"97":{"start":{"line":98,"column":0},"end":{"line":98,"column":30}},"98":{"start":{"line":99,"column":0},"end":{"line":99,"column":173}},"99":{"start":{"line":100,"column":0},"end":{"line":100,"column":10}},"102":{"start":{"line":103,"column":0},"end":{"line":103,"column":36}},"103":{"start":{"line":104,"column":0},"end":{"line":104,"column":17}},"104":{"start":{"line":105,"column":0},"end":{"line":105,"column":25}},"105":{"start":{"line":106,"column":0},"end":{"line":106,"column":29}},"106":{"start":{"line":107,"column":0},"end":{"line":107,"column":36}},"107":{"start":{"line":108,"column":0},"end":{"line":108,"column":88}},"108":{"start":{"line":109,"column":0},"end":{"line":109,"column":11}},"110":{"start":{"line":111,"column":0},"end":{"line":111,"column":19}},"111":{"start":{"line":112,"column":0},"end":{"line":112,"column":17}},"114":{"start":{"line":115,"column":0},"end":{"line":115,"column":15}},"115":{"start":{"line":116,"column":0},"end":{"line":116,"column":23}},"116":{"start":{"line":117,"column":0},"end":{"line":117,"column":55}},"117":{"start":{"line":118,"column":0},"end":{"line":118,"column":162}},"119":{"start":{"line":120,"column":0},"end":{"line":120,"column":49}},"120":{"start":{"line":121,"column":0},"end":{"line":121,"column":17}},"121":{"start":{"line":122,"column":0},"end":{"line":122,"column":12}},"124":{"start":{"line":125,"column":0},"end":{"line":125,"column":47}},"125":{"start":{"line":126,"column":0},"end":{"line":126,"column":72}},"127":{"start":{"line":128,"column":0},"end":{"line":128,"column":16}},"128":{"start":{"line":129,"column":0},"end":{"line":129,"column":14}},"129":{"start":{"line":130,"column":0},"end":{"line":130,"column":27}},"130":{"start":{"line":131,"column":0},"end":{"line":131,"column":22}},"131":{"start":{"line":132,"column":0},"end":{"line":132,"column":17}},"132":{"start":{"line":133,"column":0},"end":{"line":133,"column":18}},"133":{"start":{"line":134,"column":0},"end":{"line":134,"column":23}},"134":{"start":{"line":135,"column":0},"end":{"line":135,"column":65}},"135":{"start":{"line":136,"column":0},"end":{"line":136,"column":28}},"136":{"start":{"line":137,"column":0},"end":{"line":137,"column":23}},"137":{"start":{"line":138,"column":0},"end":{"line":138,"column":27}},"138":{"start":{"line":139,"column":0},"end":{"line":139,"column":28}},"139":{"start":{"line":140,"column":0},"end":{"line":140,"column":31}},"140":{"start":{"line":141,"column":0},"end":{"line":141,"column":10}},"141":{"start":{"line":142,"column":0},"end":{"line":142,"column":61}},"142":{"start":{"line":143,"column":0},"end":{"line":143,"column":24}},"143":{"start":{"line":144,"column":0},"end":{"line":144,"column":15}},"144":{"start":{"line":145,"column":0},"end":{"line":145,"column":12}},"145":{"start":{"line":146,"column":0},"end":{"line":146,"column":11}},"147":{"start":{"line":148,"column":0},"end":{"line":148,"column":1}}},"s":{"40":1,"52":65,"53":65,"54":65,"55":65,"56":65,"57":65,"58":65,"59":65,"60":65,"61":65,"64":27,"65":1,"66":1,"67":1,"68":27,"71":65,"72":25,"73":0,"74":0,"75":0,"76":25,"78":65,"79":6,"81":6,"82":6,"83":6,"84":6,"86":65,"87":65,"88":65,"90":65,"91":65,"92":65,"93":65,"94":65,"95":65,"96":65,"97":65,"98":65,"99":65,"102":65,"103":44,"104":44,"105":44,"106":44,"107":44,"108":44,"110":44,"111":21,"114":65,"115":65,"116":65,"117":65,"119":65,"120":65,"121":65,"124":65,"125":65,"127":65,"128":65,"129":65,"130":65,"131":65,"132":65,"133":65,"134":65,"135":65,"136":65,"137":65,"138":65,"139":65,"140":65,"141":65,"142":65,"143":65,"144":65,"145":65,"147":65},"branchMap":{"0":{"type":"branch","line":53,"loc":{"start":{"line":53,"column":0},"end":{"line":148,"column":1}},"locations":[{"start":{"line":53,"column":0},"end":{"line":148,"column":1}}]},"1":{"type":"branch","line":103,"loc":{"start":{"line":103,"column":31},"end":{"line":111,"column":19}},"locations":[{"start":{"line":103,"column":31},"end":{"line":111,"column":19}}]},"2":{"type":"branch","line":111,"loc":{"start":{"line":111,"column":10},"end":{"line":112,"column":17}},"locations":[{"start":{"line":111,"column":10},"end":{"line":112,"column":17}}]},"3":{"type":"branch","line":117,"loc":{"start":{"line":117,"column":40},"end":{"line":117,"column":55}},"locations":[{"start":{"line":117,"column":40},"end":{"line":117,"column":55}}]},"4":{"type":"branch","line":120,"loc":{"start":{"line":120,"column":11},"end":{"line":120,"column":40}},"locations":[{"start":{"line":120,"column":11},"end":{"line":120,"column":40}}]},"5":{"type":"branch","line":120,"loc":{"start":{"line":120,"column":23},"end":{"line":120,"column":49}},"locations":[{"start":{"line":120,"column":23},"end":{"line":120,"column":49}}]},"6":{"type":"branch","line":62,"loc":{"start":{"line":62,"column":24},"end":{"line":69,"column":4}},"locations":[{"start":{"line":62,"column":24},"end":{"line":69,"column":4}}]},"7":{"type":"branch","line":65,"loc":{"start":{"line":65,"column":18},"end":{"line":65,"column":53}},"locations":[{"start":{"line":65,"column":18},"end":{"line":65,"column":53}}]},"8":{"type":"branch","line":65,"loc":{"start":{"line":65,"column":48},"end":{"line":65,"column":65}},"locations":[{"start":{"line":65,"column":48},"end":{"line":65,"column":65}}]},"9":{"type":"branch","line":65,"loc":{"start":{"line":65,"column":65},"end":{"line":68,"column":5}},"locations":[{"start":{"line":65,"column":65},"end":{"line":68,"column":5}}]},"10":{"type":"branch","line":72,"loc":{"start":{"line":72,"column":25},"end":{"line":77,"column":4}},"locations":[{"start":{"line":72,"column":25},"end":{"line":77,"column":4}}]},"11":{"type":"branch","line":73,"loc":{"start":{"line":73,"column":18},"end":{"line":73,"column":53}},"locations":[{"start":{"line":73,"column":18},"end":{"line":73,"column":53}}]},"12":{"type":"branch","line":73,"loc":{"start":{"line":73,"column":48},"end":{"line":73,"column":65}},"locations":[{"start":{"line":73,"column":48},"end":{"line":73,"column":65}}]},"13":{"type":"branch","line":73,"loc":{"start":{"line":73,"column":65},"end":{"line":76,"column":5}},"locations":[{"start":{"line":73,"column":65},"end":{"line":76,"column":5}}]},"14":{"type":"branch","line":79,"loc":{"start":{"line":79,"column":23},"end":{"line":85,"column":4}},"locations":[{"start":{"line":79,"column":23},"end":{"line":85,"column":4}}]},"15":{"type":"branch","line":94,"loc":{"start":{"line":94,"column":20},"end":{"line":94,"column":57}},"locations":[{"start":{"line":94,"column":20},"end":{"line":94,"column":57}}]},"16":{"type":"branch","line":135,"loc":{"start":{"line":135,"column":20},"end":{"line":135,"column":65}},"locations":[{"start":{"line":135,"column":20},"end":{"line":135,"column":65}}]}},"b":{"0":[65],"1":[44],"2":[21],"3":[44],"4":[8],"5":[57],"6":[27],"7":[2],"8":[1],"9":[1],"10":[25],"11":[0],"12":[0],"13":[0],"14":[6],"15":[26],"16":[2]},"fnMap":{"0":{"name":"SearchBar","decl":{"start":{"line":53,"column":0},"end":{"line":148,"column":1}},"loc":{"start":{"line":53,"column":0},"end":{"line":148,"column":1}},"line":53},"1":{"name":"handleKeyDown","decl":{"start":{"line":62,"column":24},"end":{"line":69,"column":4}},"loc":{"start":{"line":62,"column":24},"end":{"line":69,"column":4}},"line":62},"2":{"name":"handleKeyPress","decl":{"start":{"line":72,"column":25},"end":{"line":77,"column":4}},"loc":{"start":{"line":72,"column":25},"end":{"line":77,"column":4}},"line":72},"3":{"name":"handleSubmit","decl":{"start":{"line":79,"column":23},"end":{"line":85,"column":4}},"loc":{"start":{"line":79,"column":23},"end":{"line":85,"column":4}},"line":79},"4":{"name":"onChange","decl":{"start":{"line":94,"column":20},"end":{"line":94,"column":57}},"loc":{"start":{"line":94,"column":20},"end":{"line":94,"column":57}},"line":94},"5":{"name":"onChange","decl":{"start":{"line":135,"column":20},"end":{"line":135,"column":65}},"loc":{"start":{"line":135,"column":20},"end":{"line":135,"column":65}},"line":135}},"f":{"0":65,"1":27,"2":25,"3":6,"4":26,"5":2}}
,"/Users/vilastadoori/_Haystack_proj/gui/haystack-gui/src/config/api.ts": {"path":"/Users/vilastadoori/_Haystack_proj/gui/haystack-gui/src/config/api.ts","all":true,"statementMap":{"11":{"start":{"line":12,"column":0},"end":{"line":12,"column":35}},"12":{"start":{"line":13,"column":0},"end":{"line":13,"column":63}},"17":{"start":{"line":18,"column":0},"end":{"line":18,"column":56}},"23":{"start":{"line":24,"column":0},"end":{"line":24,"column":56}},"28":{"start":{"line":29,"column":0},"end":{"line":29,"column":62}},"33":{"start":{"line":34,"column":0},"end":{"line":34,"column":49}},"38":{"start":{"line":39,"column":0},"end":{"line":39,"column":49}}},"s":{"11":0,"12":0,"17":0,"23":0,"28":0,"33":0,"38":0},"branchMap":{"0":{"type":"branch","line":1,"loc":{"start":{"line":1,"column":975},"end":{"line":39,"column":49}},"locations":[{"start":{"line":1,"column":975},"end":{"line":39,"column":49}}]}},"b":{"0":[1]},"fnMap":{"0":{"name":"(empty-report)","decl":{"start":{"line":1,"column":975},"end":{"line":39,"column":49}},"loc":{"start":{"line":1,"column":975},"end":{"line":39,"column":49}},"line":1}},"f":{"0":1}}
,"/Users/vilastadoori/_Haystack_proj/gui/haystack-gui/src/config/constants.ts": {"path":"/Users/vilastadoori/_Haystack_proj/gui/haystack-gui/src/config/constants.ts","all":true,"statementMap":{"9":{"start":{"line":10,"column":0},"end":{"line":10,"column":42}},"14":{"start":{"line":15,"column":0},"end":{"line":15,"column":43}},"19":{"start":{"line":20,"column":0},"end":{"line":20,"column":47}},"24":{"start":{"line":25,"column":0},"end":{"line":25,"column":50}}},"s":{"9":0,"14":0,"19":0,"24":0},"branchMap":{"0":{"type":"branch","line":1,"loc":{"start":{"line":1,"column":466},"end":{"line":25,"column":50}},"locations":[{"start":{"line":1,"column":466},"end":{"line":25,"column":50}}]}},"b":{"0":[1]},"fnMap":{"0":{"name":"(empty-report)","decl":{"start":{"line":1,"column":466},"end":{"line":25,"column":50}},"loc":{"start":{"line":1,"column":466},"end":{"line":25,"column":50}},"line":1}},"f":{"0":1}}
,"/Users/vilastadoori/_Haystack_proj/gui/haystack-gui/src/hooks/index.ts": {"path":"/Users/vilastadoori/_Haystack_proj/gui/haystack-gui/src/hooks/index.ts","all":false,"statementMap":{"9":{"start":{"line":10,"column":0},"end":{"line":10,"column":44}},"10":{"start":{"line":11,"column":0},"end":{"line":11,"column":50}},"11":{"start":{"line":12,"column":0},"end":{"line":12,"column":40}}},"s":{"9":1,"10":1,"11":1},"branchMap":{},"b":{},"fnMap":{},"f":{}}
,"/Users/vilastadoori/_Haystack_proj/gui/haystack-gui/src/hooks/useDebounce.ts": {"path":"/Users/vilastadoori/_Haystack_proj/gui/haystack-gui/src/hooks/useDebounce.ts","all":false,"statementMap":{"0":{"start":{"line":1,"column":0},"end":{"line":1,"column":44}},"20":{"start":{"line":21,"column":0},"end":{"line":21,"column":60}},"22":{"start":{"line":23,"column":0},"end":{"line":23,"column":67}},"27":{"start":{"line":28,"column":0},"end":{"line":28,"column":21}},"28":{"start":{"line":29,"column":0},"end":{"line":29,"column":40}},"29":{"start":{"line":30,"column":0},"end":{"line":30,"column":37}},"30":{"start":{"line":31,"column":0},"end":{"line":31,"column":18}},"32":{"start":{"line":33,"column":0},"end":{"line":33,"column":22}},"33":{"start":{"line":34,"column":0},"end":{"line":34,"column":32}},"34":{"start":{"line":35,"column":0},"end":{"line":35,"column":10}},"35":{"start":{"line":36,"column":0},"end":{"line":36,"column":23}},"37":{"start":{"line":38,"column":0},"end":{"line":38,"column":26}},"38":{"start":{"line":39,"column":0},"end":{"line":39,"column":1}}},"s":{"0":1,"20":1,"22":57,"27":57,"28":43,"29":14,"30":43,"32":43,"33":43,"34":43,"35":57,"37":57,"38":57},"branchMap":{"0":{"type":"branch","line":21,"loc":{"start":{"line":21,"column":7},"end":{"line":39,"column":1}},"locations":[{"start":{"line":21,"column":7},"end":{"line":39,"column":1}}]},"1":{"type":"branch","line":28,"loc":{"start":{"line":28,"column":14},"end":{"line":36,"column":7}},"locations":[{"start":{"line":28,"column":14},"end":{"line":36,"column":7}}]},"2":{"type":"branch","line":29,"loc":{"start":{"line":29,"column":33},"end":{"line":31,"column":11}},"locations":[{"start":{"line":29,"column":33},"end":{"line":31,"column":11}}]},"3":{"type":"branch","line":33,"loc":{"start":{"line":33,"column":15},"end":{"line":35,"column":10}},"locations":[{"start":{"line":33,"column":15},"end":{"line":35,"column":10}}]}},"b":{"0":[57],"1":[43],"2":[14],"3":[43]},"fnMap":{"0":{"name":"useDebounce","decl":{"start":{"line":21,"column":7},"end":{"line":39,"column":1}},"loc":{"start":{"line":21,"column":7},"end":{"line":39,"column":1}},"line":21}},"f":{"0":57}}
,"/Users/vilastadoori/_Haystack_proj/gui/haystack-gui/src/hooks/useHealthCheck.ts": {"path":"/Users/vilastadoori/_Haystack_proj/gui/haystack-gui/src/hooks/useHealthCheck.ts","all":false,"statementMap":{"0":{"start":{"line":1,"column":0},"end":{"line":1,"column":65}},"1":{"start":{"line":2,"column":0},"end":{"line":2,"column":52}},"6":{"start":{"line":7,"column":0},"end":{"line":7,"column":47}},"8":{"start":{"line":9,"column":0},"end":{"line":9,"column":34}},"9":{"start":{"line":10,"column":0},"end":{"line":10,"column":66}},"10":{"start":{"line":11,"column":0},"end":{"line":11,"column":70}},"11":{"start":{"line":12,"column":0},"end":{"line":12,"column":69}},"12":{"start":{"line":13,"column":0},"end":{"line":13,"column":45}},"15":{"start":{"line":16,"column":0},"end":{"line":16,"column":81}},"16":{"start":{"line":17,"column":0},"end":{"line":17,"column":23}},"17":{"start":{"line":18,"column":0},"end":{"line":18,"column":34}},"18":{"start":{"line":19,"column":0},"end":{"line":19,"column":9}},"19":{"start":{"line":20,"column":0},"end":{"line":20,"column":13}},"20":{"start":{"line":21,"column":0},"end":{"line":21,"column":70}},"21":{"start":{"line":22,"column":0},"end":{"line":22,"column":37}},"22":{"start":{"line":23,"column":0},"end":{"line":23,"column":43}},"23":{"start":{"line":24,"column":0},"end":{"line":24,"column":43}},"24":{"start":{"line":25,"column":0},"end":{"line":25,"column":13}},"25":{"start":{"line":26,"column":0},"end":{"line":26,"column":17}},"26":{"start":{"line":27,"column":0},"end":{"line":27,"column":37}},"27":{"start":{"line":28,"column":0},"end":{"line":28,"column":39}},"28":{"start":{"line":29,"column":0},"end":{"line":29,"column":43}},"29":{"start":{"line":30,"column":0},"end":{"line":30,"column":13}},"30":{"start":{"line":31,"column":0},"end":{"line":31,"column":19}},"31":{"start":{"line":32,"column":0},"end":{"line":32,"column":49}},"32":{"start":{"line":33,"column":0},"end":{"line":33,"column":39}},"33":{"start":{"line":34,"column":0},"end":{"line":34,"column":13}},"34":{"start":{"line":35,"column":0},"end":{"line":35,"column":9}},"37":{"start":{"line":38,"column":0},"end":{"line":38,"column":11}},"39":{"start":{"line":40,"column":0},"end":{"line":40,"column":21}},"40":{"start":{"line":41,"column":0},"end":{"line":41,"column":34}},"42":{"start":{"line":43,"column":0},"end":{"line":43,"column":34}},"45":{"start":{"line":46,"column":0},"end":{"line":46,"column":46}},"46":{"start":{"line":47,"column":0},"end":{"line":47,"column":37}},"47":{"start":{"line":48,"column":0},"end":{"line":48,"column":42}},"48":{"start":{"line":49,"column":0},"end":{"line":49,"column":13}},"49":{"start":{"line":50,"column":0},"end":{"line":50,"column":33}},"51":{"start":{"line":52,"column":0},"end":{"line":52,"column":22}},"52":{"start":{"line":53,"column":0},"end":{"line":53,"column":39}},"53":{"start":{"line":54,"column":0},"end":{"line":54,"column":38}},"54":{"start":{"line":55,"column":0},"end":{"line":55,"column":10}},"55":{"start":{"line":56,"column":0},"end":{"line":56,"column":29}},"58":{"start":{"line":59,"column":0},"end":{"line":59,"column":51}},"59":{"start":{"line":60,"column":0},"end":{"line":60,"column":39}},"60":{"start":{"line":61,"column":0},"end":{"line":61,"column":29}},"63":{"start":{"line":64,"column":0},"end":{"line":64,"column":64}},"64":{"start":{"line":65,"column":0},"end":{"line":65,"column":1}}},"s":{"0":1,"1":1,"6":1,"8":1,"9":102,"10":102,"11":102,"12":102,"15":102,"16":45,"17":7,"18":7,"19":45,"20":45,"21":45,"22":38,"23":38,"24":38,"25":45,"26":6,"27":6,"28":6,"29":6,"30":45,"31":45,"32":6,"33":6,"34":45,"37":102,"39":102,"40":28,"42":28,"45":28,"46":10,"47":10,"48":10,"49":28,"51":28,"52":28,"53":28,"54":28,"55":102,"58":102,"59":7,"60":102,"63":102,"64":102},"branchMap":{"0":{"type":"branch","line":9,"loc":{"start":{"line":9,"column":7},"end":{"line":65,"column":1}},"locations":[{"start":{"line":9,"column":7},"end":{"line":65,"column":1}}]},"1":{"type":"branch","line":16,"loc":{"start":{"line":16,"column":43},"end":{"line":38,"column":7}},"locations":[{"start":{"line":16,"column":43},"end":{"line":38,"column":7}}]},"2":{"type":"branch","line":17,"loc":{"start":{"line":17,"column":22},"end":{"line":19,"column":9}},"locations":[{"start":{"line":17,"column":22},"end":{"line":19,"column":9}}]},"3":{"type":"branch","line":21,"loc":{"start":{"line":21,"column":68},"end":{"line":22,"column":36}},"locations":[{"start":{"line":21,"column":68},"end":{"line":22,"column":36}}]},"4":{"type":"branch","line":22,"loc":{"start":{"line":22,"column":36},"end":{"line":25,"column":13}},"locations":[{"start":{"line":22,"column":36},"end":{"line":25,"column":13}}]},"5":{"type":"branch","line":26,"loc":{"start":{"line":26,"column":8},"end":{"line":31,"column":10}},"locations":[{"start":{"line":26,"column":8},"end":{"line":31,"column":10}}]},"6":{"type":"branch","line":32,"loc":{"start":{"line":32,"column":16},"end":{"line":32,"column":48}},"locations":[{"start":{"line":32,"column":16},"end":{"line":32,"column":48}}]},"7":{"type":"branch","line":32,"loc":{"start":{"line":32,"column":48},"end":{"line":34,"column":13}},"locations":[{"start":{"line":32,"column":48},"end":{"line":34,"column":13}}]},"8":{"type":"branch","line":40,"loc":{"start":{"line":40,"column":14},"end":{"line":56,"column":7}},"locations":[{"start":{"line":40,"column":14},"end":{"line":56,"column":7}}]},"9":{"type":"branch","line":46,"loc":{"start":{"line":46,"column":39},"end":{"line":50,"column":11}},"locations":[{"start":{"line":46,"column":39},"end":{"line":50,"column":11}}]},"10":{"type":"branch","line":52,"loc":{"start":{"line":52,"column":15},"end":{"line":55,"column":10}},"locations":[{"start":{"line":52,"column":15},"end":{"line":55,"column":10}}]},"11":{"type":"branch","line":59,"loc":{"start":{"line":59,"column":38},"end":{"line":61,"column":7}},"locations":[{"start":{"line":59,"column":38},"end":{"line":61,"column":7}}]}},"b":{"0":[102],"1":[45],"2":[7],"3":[40],"4":[38],"5":[6],"6":[7],"7":[6],"8":[28],"9":[10],"10":[28],"11":[7]},"fnMap":{"0":{"name":"useHealthCheck","decl":{"start":{"line":9,"column":7},"end":{"line":65,"column":1}},"loc":{"start":{"line":9,"column":7},"end":{"line":65,"column":1}},"line":9}},"f":{"0":102}}
,"/Users/vilastadoori/_Haystack_proj/gui/haystack-gui/src/hooks/useSearch.ts": {"path":"/Users/vilastadoori/_Haystack_proj/gui/haystack-gui/src/hooks/useSearch.ts","all":false,"statementMap":{"0":{"start":{"line":1,"column":0},"end":{"line":1,"column":46}},"1":{"start":{"line":2,"column":0},"end":{"line":2,"column":47}},"3":{"start":{"line":4,"column":0},"end":{"line":4,"column":67}},"12":{"start":{"line":13,"column":0},"end":{"line":13,"column":29}},"13":{"start":{"line":14,"column":0},"end":{"line":14,"column":56}},"14":{"start":{"line":15,"column":0},"end":{"line":15,"column":56}},"15":{"start":{"line":16,"column":0},"end":{"line":16,"column":63}},"16":{"start":{"line":17,"column":0},"end":{"line":17,"column":63}},"17":{"start":{"line":18,"column":0},"end":{"line":18,"column":60}},"18":{"start":{"line":19,"column":0},"end":{"line":19,"column":71}},"21":{"start":{"line":22,"column":0},"end":{"line":22,"column":56}},"22":{"start":{"line":23,"column":0},"end":{"line":23,"column":32}},"23":{"start":{"line":24,"column":0},"end":{"line":24,"column":11}},"26":{"start":{"line":27,"column":0},"end":{"line":27,"column":56}},"27":{"start":{"line":28,"column":0},"end":{"line":28,"column":38}},"28":{"start":{"line":29,"column":0},"end":{"line":29,"column":36}},"29":{"start":{"line":30,"column":0},"end":{"line":30,"column":9}},"30":{"start":{"line":31,"column":0},"end":{"line":31,"column":11}},"32":{"start":{"line":33,"column":0},"end":{"line":33,"column":43}},"33":{"start":{"line":34,"column":0},"end":{"line":34,"column":26}},"34":{"start":{"line":35,"column":0},"end":{"line":35,"column":23}},"35":{"start":{"line":36,"column":0},"end":{"line":36,"column":23}},"36":{"start":{"line":37,"column":0},"end":{"line":37,"column":25}},"37":{"start":{"line":38,"column":0},"end":{"line":38,"column":11}},"40":{"start":{"line":41,"column":0},"end":{"line":41,"column":51}},"41":{"start":{"line":42,"column":0},"end":{"line":42,"column":42}},"42":{"start":{"line":43,"column":0},"end":{"line":43,"column":43}},"43":{"start":{"line":44,"column":0},"end":{"line":44,"column":49}},"44":{"start":{"line":45,"column":0},"end":{"line":45,"column":9}},"46":{"start":{"line":47,"column":0},"end":{"line":47,"column":27}},"47":{"start":{"line":48,"column":0},"end":{"line":48,"column":23}},"48":{"start":{"line":49,"column":0},"end":{"line":49,"column":23}},"50":{"start":{"line":51,"column":0},"end":{"line":51,"column":37}},"52":{"start":{"line":53,"column":0},"end":{"line":53,"column":13}},"55":{"start":{"line":56,"column":0},"end":{"line":56,"column":79}},"57":{"start":{"line":58,"column":0},"end":{"line":58,"column":51}},"59":{"start":{"line":60,"column":0},"end":{"line":60,"column":41}},"61":{"start":{"line":62,"column":0},"end":{"line":62,"column":24}},"62":{"start":{"line":63,"column":0},"end":{"line":63,"column":38}},"63":{"start":{"line":64,"column":0},"end":{"line":64,"column":53}},"64":{"start":{"line":65,"column":0},"end":{"line":65,"column":33}},"65":{"start":{"line":66,"column":0},"end":{"line":66,"column":15}},"67":{"start":{"line":68,"column":0},"end":{"line":68,"column":9}},"68":{"start":{"line":69,"column":0},"end":{"line":69,"column":23}},"70":{"start":{"line":71,"column":0},"end":{"line":71,"column":59}},"71":{"start":{"line":72,"column":0},"end":{"line":72,"column":41}},"72":{"start":{"line":73,"column":0},"end":{"line":73,"column":45}},"73":{"start":{"line":74,"column":0},"end":{"line":74,"column":13}},"74":{"start":{"line":75,"column":0},"end":{"line":75,"column":50}},"75":{"start":{"line":76,"column":0},"end":{"line":76,"column":35}},"76":{"start":{"line":77,"column":0},"end":{"line":77,"column":27}},"77":{"start":{"line":78,"column":0},"end":{"line":78,"column":29}},"79":{"start":{"line":80,"column":0},"end":{"line":80,"column":9}},"80":{"start":{"line":81,"column":0},"end":{"line":81,"column":17}},"82":{"start":{"line":83,"column":0},"end":{"line":83,"column":32}},"83":{"start":{"line":84,"column":0},"end":{"line":84,"column":9}},"84":{"start":{"line":85,"column":0},"end":{"line":85,"column":81}},"87":{"start":{"line":88,"column":0},"end":{"line":88,"column":12}},"88":{"start":{"line":89,"column":0},"end":{"line":89,"column":14}},"89":{"start":{"line":90,"column":0},"end":{"line":90,"column":17}},"90":{"start":{"line":91,"column":0},"end":{"line":91,"column":14}},"91":{"start":{"line":92,"column":0},"end":{"line":92,"column":17}},"92":{"start":{"line":93,"column":0},"end":{"line":93,"column":16}},"93":{"start":{"line":94,"column":0},"end":{"line":94,"column":18}},"94":{"start":{"line":95,"column":0},"end":{"line":95,"column":14}},"95":{"start":{"line":96,"column":0},"end":{"line":96,"column":16}},"96":{"start":{"line":97,"column":0},"end":{"line":97,"column":22}},"97":{"start":{"line":98,"column":0},"end":{"line":98,"column":20}},"98":{"start":{"line":99,"column":0},"end":{"line":99,"column":6}},"99":{"start":{"line":100,"column":0},"end":{"line":100,"column":1}}},"s":{"0":1,"1":1,"3":1,"12":1,"13":106,"14":106,"15":106,"16":106,"17":106,"18":106,"21":106,"22":43,"23":106,"26":106,"27":9,"28":7,"29":7,"30":106,"32":106,"33":3,"34":3,"35":3,"36":3,"37":106,"40":106,"41":20,"42":20,"43":2,"44":2,"46":18,"47":18,"48":18,"50":18,"52":18,"55":18,"57":12,"59":12,"61":12,"62":12,"63":12,"64":12,"65":12,"67":12,"68":6,"70":6,"71":6,"72":6,"73":6,"74":6,"75":6,"76":6,"77":6,"79":6,"80":18,"82":18,"83":18,"84":106,"87":106,"88":106,"89":106,"90":106,"91":106,"92":106,"93":106,"94":106,"95":106,"96":106,"97":106,"98":106,"99":106},"branchMap":{"0":{"type":"branch","line":13,"loc":{"start":{"line":13,"column":7},"end":{"line":100,"column":1}},"locations":[{"start":{"line":13,"column":7},"end":{"line":100,"column":1}}]},"1":{"type":"branch","line":22,"loc":{"start":{"line":22,"column":33},"end":{"line":24,"column":7}},"locations":[{"start":{"line":22,"column":33},"end":{"line":24,"column":7}}]},"2":{"type":"branch","line":27,"loc":{"start":{"line":27,"column":33},"end":{"line":31,"column":7}},"locations":[{"start":{"line":27,"column":33},"end":{"line":31,"column":7}}]},"3":{"type":"branch","line":28,"loc":{"start":{"line":28,"column":37},"end":{"line":30,"column":9}},"locations":[{"start":{"line":28,"column":37},"end":{"line":30,"column":9}}]},"4":{"type":"branch","line":33,"loc":{"start":{"line":33,"column":36},"end":{"line":38,"column":7}},"locations":[{"start":{"line":33,"column":36},"end":{"line":38,"column":7}}]},"5":{"type":"branch","line":41,"loc":{"start":{"line":41,"column":38},"end":{"line":85,"column":7}},"locations":[{"start":{"line":41,"column":38},"end":{"line":85,"column":7}}]},"6":{"type":"branch","line":43,"loc":{"start":{"line":43,"column":42},"end":{"line":45,"column":9}},"locations":[{"start":{"line":43,"column":42},"end":{"line":45,"column":9}}]},"7":{"type":"branch","line":45,"loc":{"start":{"line":45,"column":8},"end":{"line":56,"column":79}},"locations":[{"start":{"line":45,"column":8},"end":{"line":56,"column":79}}]},"8":{"type":"branch","line":56,"loc":{"start":{"line":56,"column":77},"end":{"line":68,"column":9}},"locations":[{"start":{"line":56,"column":77},"end":{"line":68,"column":9}}]},"9":{"type":"branch","line":68,"loc":{"start":{"line":68,"column":8},"end":{"line":80,"column":9}},"locations":[{"start":{"line":68,"column":8},"end":{"line":80,"column":9}}]},"10":{"type":"branch","line":80,"loc":{"start":{"line":80,"column":8},"end":{"line":84,"column":9}},"locations":[{"start":{"line":80,"column":8},"end":{"line":84,"column":9}}]}},"b":{"0":[106],"1":[43],"2":[9],"3":[7],"4":[3],"5":[20],"6":[2],"7":[18],"8":[12],"9":[6],"10":[18]},"fnMap":{"0":{"name":"useSearch","decl":{"start":{"line":13,"column":7},"end":{"line":100,"column":1}},"loc":{"start":{"line":13,"column":7},"end":{"line":100,"column":1}},"line":13}},"f":{"0":106}}
,"/Users/vilastadoori/_Haystack_proj/gui/haystack-gui/src/services/searchApi.ts": {"path":"/Users/vilastadoori/_Haystack_proj/gui/haystack-gui/src/services/searchApi.ts","all":false,"statementMap":{"3":{"start":{"line":4,"column":0},"end":{"line":4,"column":42}},"4":{"start":{"line":5,"column":0},"end":{"line":5,"column":8}},"15":{"start":{"line":16,"column":0},"end":{"line":16,"column":53}},"16":{"start":{"line":17,"column":0},"end":{"line":17,"column":59}},"22":{"start":{"line":23,"column":0},"end":{"line":23,"column":45}},"23":{"start":{"line":24,"column":0},"end":{"line":24,"column":46}},"24":{"start":{"line":25,"column":0},"end":{"line":25,"column":49}},"25":{"start":{"line":26,"column":0},"end":{"line":26,"column":5}},"26":{"start":{"line":27,"column":0},"end":{"line":27,"column":1}},"32":{"start":{"line":33,"column":0},"end":{"line":33,"column":37}},"33":{"start":{"line":34,"column":0},"end":{"line":34,"column":26}},"34":{"start":{"line":35,"column":0},"end":{"line":35,"column":54}},"35":{"start":{"line":36,"column":0},"end":{"line":36,"column":5}},"36":{"start":{"line":37,"column":0},"end":{"line":37,"column":1}},"41":{"start":{"line":42,"column":0},"end":{"line":42,"column":71}},"42":{"start":{"line":43,"column":0},"end":{"line":43,"column":56}},"43":{"start":{"line":44,"column":0},"end":{"line":44,"column":21}},"44":{"start":{"line":45,"column":0},"end":{"line":45,"column":5}},"45":{"start":{"line":46,"column":0},"end":{"line":46,"column":50}},"46":{"start":{"line":47,"column":0},"end":{"line":47,"column":12}},"47":{"start":{"line":48,"column":0},"end":{"line":48,"column":40}},"48":{"start":{"line":49,"column":0},"end":{"line":49,"column":40}},"49":{"start":{"line":50,"column":0},"end":{"line":50,"column":39}},"51":{"start":{"line":52,"column":0},"end":{"line":52,"column":1}},"57":{"start":{"line":58,"column":0},"end":{"line":58,"column":64}},"59":{"start":{"line":60,"column":0},"end":{"line":60,"column":52}},"60":{"start":{"line":61,"column":0},"end":{"line":61,"column":83}},"61":{"start":{"line":62,"column":0},"end":{"line":62,"column":5}},"63":{"start":{"line":64,"column":0},"end":{"line":64,"column":53}},"66":{"start":{"line":67,"column":0},"end":{"line":67,"column":45}},"67":{"start":{"line":68,"column":0},"end":{"line":68,"column":87}},"68":{"start":{"line":69,"column":0},"end":{"line":69,"column":5}},"71":{"start":{"line":72,"column":0},"end":{"line":72,"column":43}},"72":{"start":{"line":73,"column":0},"end":{"line":73,"column":89}},"73":{"start":{"line":74,"column":0},"end":{"line":74,"column":5}},"76":{"start":{"line":77,"column":0},"end":{"line":77,"column":44}},"77":{"start":{"line":78,"column":0},"end":{"line":78,"column":43}},"78":{"start":{"line":79,"column":0},"end":{"line":79,"column":96}},"79":{"start":{"line":80,"column":0},"end":{"line":80,"column":9}},"80":{"start":{"line":81,"column":0},"end":{"line":81,"column":5}},"82":{"start":{"line":83,"column":0},"end":{"line":83,"column":12}},"83":{"start":{"line":84,"column":0},"end":{"line":84,"column":30}},"84":{"start":{"line":85,"column":0},"end":{"line":85,"column":52}},"85":{"start":{"line":86,"column":0},"end":{"line":86,"column":6}},"86":{"start":{"line":87,"column":0},"end":{"line":87,"column":1}},"99":{"start":{"line":100,"column":0},"end":{"line":100,"column":81}},"101":{"start":{"line":102,"column":0},"end":{"line":102,"column":25}},"102":{"start":{"line":103,"column":0},"end":{"line":103,"column":17}},"105":{"start":{"line":106,"column":0},"end":{"line":106,"column":64}},"107":{"start":{"line":108,"column":0},"end":{"line":108,"column":9}},"108":{"start":{"line":109,"column":0},"end":{"line":109,"column":47}},"109":{"start":{"line":110,"column":0},"end":{"line":110,"column":36}},"110":{"start":{"line":111,"column":0},"end":{"line":111,"column":11}},"113":{"start":{"line":114,"column":0},"end":{"line":114,"column":53}},"114":{"start":{"line":115,"column":0},"end":{"line":115,"column":21}},"116":{"start":{"line":117,"column":0},"end":{"line":117,"column":52}},"117":{"start":{"line":118,"column":0},"end":{"line":118,"column":44}},"118":{"start":{"line":119,"column":0},"end":{"line":119,"column":44}},"119":{"start":{"line":120,"column":0},"end":{"line":120,"column":41}},"120":{"start":{"line":121,"column":0},"end":{"line":121,"column":24}},"121":{"start":{"line":122,"column":0},"end":{"line":122,"column":9}},"124":{"start":{"line":125,"column":0},"end":{"line":125,"column":40}},"125":{"start":{"line":126,"column":0},"end":{"line":126,"column":51}},"128":{"start":{"line":129,"column":0},"end":{"line":129,"column":88}},"129":{"start":{"line":130,"column":0},"end":{"line":130,"column":74}},"130":{"start":{"line":131,"column":0},"end":{"line":131,"column":13}},"134":{"start":{"line":135,"column":0},"end":{"line":135,"column":52}},"135":{"start":{"line":136,"column":0},"end":{"line":136,"column":67}},"136":{"start":{"line":137,"column":0},"end":{"line":137,"column":13}},"139":{"start":{"line":140,"column":0},"end":{"line":140,"column":38}},"140":{"start":{"line":141,"column":0},"end":{"line":141,"column":36}},"141":{"start":{"line":142,"column":0},"end":{"line":142,"column":47}},"142":{"start":{"line":143,"column":0},"end":{"line":143,"column":76}},"143":{"start":{"line":144,"column":0},"end":{"line":144,"column":18}},"144":{"start":{"line":145,"column":0},"end":{"line":145,"column":13}},"145":{"start":{"line":146,"column":0},"end":{"line":146,"column":9}},"148":{"start":{"line":149,"column":0},"end":{"line":149,"column":59}},"149":{"start":{"line":150,"column":0},"end":{"line":150,"column":5}},"150":{"start":{"line":151,"column":0},"end":{"line":151,"column":1}},"158":{"start":{"line":159,"column":0},"end":{"line":159,"column":67}},"159":{"start":{"line":160,"column":0},"end":{"line":160,"column":9}},"160":{"start":{"line":161,"column":0},"end":{"line":161,"column":53}},"161":{"start":{"line":162,"column":0},"end":{"line":162,"column":36}},"162":{"start":{"line":163,"column":0},"end":{"line":163,"column":11}},"165":{"start":{"line":166,"column":0},"end":{"line":166,"column":38}},"166":{"start":{"line":167,"column":0},"end":{"line":167,"column":58}},"167":{"start":{"line":168,"column":0},"end":{"line":168,"column":45}},"168":{"start":{"line":169,"column":0},"end":{"line":169,"column":21}},"170":{"start":{"line":171,"column":0},"end":{"line":171,"column":32}},"171":{"start":{"line":172,"column":0},"end":{"line":172,"column":45}},"172":{"start":{"line":173,"column":0},"end":{"line":173,"column":13}},"173":{"start":{"line":174,"column":0},"end":{"line":174,"column":9}},"175":{"start":{"line":176,"column":0},"end":{"line":176,"column":39}},"176":{"start":{"line":177,"column":0},"end":{"line":177,"column":13}},"178":{"start":{"line":179,"column":0},"end":{"line":179,"column":39}},"179":{"start":{"line":180,"column":0},"end":{"line":180,"column":5}},"180":{"start":{"line":181,"column":0},"end":{"line":181,"column":1}}},"s":{"3":1,"4":1,"15":1,"16":1,"22":21,"23":21,"24":2,"25":2,"26":21,"32":19,"33":19,"34":2,"35":2,"36":19,"41":32,"42":32,"43":0,"44":0,"45":32,"46":32,"47":32,"48":32,"49":31,"51":32,"57":13,"59":13,"60":1,"61":1,"63":12,"66":13,"67":0,"68":0,"71":13,"72":1,"73":1,"76":13,"77":32,"78":1,"79":1,"80":32,"82":10,"83":10,"84":10,"85":10,"86":10,"99":21,"101":21,"102":21,"105":21,"107":21,"108":21,"109":21,"110":21,"113":13,"114":21,"116":7,"117":4,"118":4,"119":7,"120":3,"121":3,"124":4,"125":4,"128":4,"129":1,"130":1,"134":4,"135":1,"136":1,"139":2,"140":2,"141":2,"142":2,"143":2,"144":2,"145":4,"148":0,"149":0,"150":21,"158":15,"159":15,"160":15,"161":15,"162":15,"165":11,"166":11,"167":3,"168":8,"170":11,"171":3,"172":3,"173":11,"175":8,"176":15,"178":4,"179":4,"180":15},"branchMap":{"0":{"type":"branch","line":23,"loc":{"start":{"line":23,"column":0},"end":{"line":27,"column":1}},"locations":[{"start":{"line":23,"column":0},"end":{"line":27,"column":1}}]},"1":{"type":"branch","line":24,"loc":{"start":{"line":24,"column":9},"end":{"line":24,"column":45}},"locations":[{"start":{"line":24,"column":9},"end":{"line":24,"column":45}}]},"2":{"type":"branch","line":24,"loc":{"start":{"line":24,"column":45},"end":{"line":26,"column":5}},"locations":[{"start":{"line":24,"column":45},"end":{"line":26,"column":5}}]},"3":{"type":"branch","line":33,"loc":{"start":{"line":33,"column":0},"end":{"line":37,"column":1}},"locations":[{"start":{"line":33,"column":0},"end":{"line":37,"column":1}}]},"4":{"type":"branch","line":34,"loc":{"start":{"line":34,"column":12},"end":{"line":34,"column":25}},"locations":[{"start":{"line":34,"column":12},"end":{"line":34,"column":25}}]},"5":{"type":"branch","line":34,"loc":{"start":{"line":34,"column":25},"end":{"line":36,"column":5}},"locations":[{"start":{"line":34,"column":25},"end":{"line":36,"column":5}}]},"6":{"type":"branch","line":42,"loc":{"start":{"line":42,"column":0},"end":{"line":52,"column":1}},"locations":[{"start":{"line":42,"column":0},"end":{"line":52,"column":1}}]},"7":{"type":"branch","line":43,"loc":{"start":{"line":43,"column":55},"end":{"line":45,"column":5}},"locations":[{"start":{"line":43,"column":55},"end":{"line":45,"column":5}}]},"8":{"type":"branch","line":49,"loc":{"start":{"line":49,"column":29},"end":{"line":50,"column":39}},"locations":[{"start":{"line":49,"column":29},"end":{"line":50,"column":39}}]},"9":{"type":"branch","line":58,"loc":{"start":{"line":58,"column":0},"end":{"line":87,"column":1}},"locations":[{"start":{"line":58,"column":0},"end":{"line":87,"column":1}}]},"10":{"type":"branch","line":60,"loc":{"start":{"line":60,"column":24},"end":{"line":60,"column":51}},"locations":[{"start":{"line":60,"column":24},"end":{"line":60,"column":51}}]},"11":{"type":"branch","line":60,"loc":{"start":{"line":60,"column":51},"end":{"line":62,"column":5}},"locations":[{"start":{"line":60,"column":51},"end":{"line":62,"column":5}}]},"12":{"type":"branch","line":62,"loc":{"start":{"line":62,"column":4},"end":{"line":67,"column":44}},"locations":[{"start":{"line":62,"column":4},"end":{"line":67,"column":44}}]},"13":{"type":"branch","line":67,"loc":{"start":{"line":67,"column":44},"end":{"line":69,"column":5}},"locations":[{"start":{"line":67,"column":44},"end":{"line":69,"column":5}}]},"14":{"type":"branch","line":69,"loc":{"start":{"line":69,"column":4},"end":{"line":72,"column":42}},"locations":[{"start":{"line":69,"column":4},"end":{"line":72,"column":42}}]},"15":{"type":"branch","line":72,"loc":{"start":{"line":72,"column":42},"end":{"line":74,"column":5}},"locations":[{"start":{"line":72,"column":42},"end":{"line":74,"column":5}}]},"16":{"type":"branch","line":74,"loc":{"start":{"line":74,"column":4},"end":{"line":77,"column":43}},"locations":[{"start":{"line":74,"column":4},"end":{"line":77,"column":43}}]},"17":{"type":"branch","line":77,"loc":{"start":{"line":77,"column":43},"end":{"line":81,"column":5}},"locations":[{"start":{"line":77,"column":43},"end":{"line":81,"column":5}}]},"18":{"type":"branch","line":78,"loc":{"start":{"line":78,"column":42},"end":{"line":80,"column":9}},"locations":[{"start":{"line":78,"column":42},"end":{"line":80,"column":9}}]},"19":{"type":"branch","line":81,"loc":{"start":{"line":81,"column":4},"end":{"line":87,"column":1}},"locations":[{"start":{"line":81,"column":4},"end":{"line":87,"column":1}}]},"20":{"type":"branch","line":100,"loc":{"start":{"line":100,"column":0},"end":{"line":151,"column":1}},"locations":[{"start":{"line":100,"column":0},"end":{"line":151,"column":1}}]},"21":{"type":"branch","line":111,"loc":{"start":{"line":111,"column":9},"end":{"line":115,"column":13}},"locations":[{"start":{"line":111,"column":9},"end":{"line":115,"column":13}}]},"22":{"type":"branch","line":115,"loc":{"start":{"line":115,"column":4},"end":{"line":150,"column":5}},"locations":[{"start":{"line":115,"column":4},"end":{"line":150,"column":5}}]},"23":{"type":"branch","line":117,"loc":{"start":{"line":117,"column":29},"end":{"line":118,"column":44}},"locations":[{"start":{"line":117,"column":29},"end":{"line":118,"column":44}}]},"24":{"type":"branch","line":118,"loc":{"start":{"line":118,"column":29},"end":{"line":119,"column":44}},"locations":[{"start":{"line":118,"column":29},"end":{"line":119,"column":44}}]},"25":{"type":"branch","line":119,"loc":{"start":{"line":119,"column":29},"end":{"line":120,"column":40}},"locations":[{"start":{"line":119,"column":29},"end":{"line":120,"column":40}}]},"26":{"type":"branch","line":120,"loc":{"start":{"line":120,"column":40},"end":{"line":146,"column":9}},"locations":[{"start":{"line":120,"column":40},"end":{"line":146,"column":9}}]},"27":{"type":"branch","line":120,"loc":{"start":{"line":120,"column":40},"end":{"line":122,"column":9}},"locations":[{"start":{"line":120,"column":40},"end":{"line":122,"column":9}}]},"28":{"type":"branch","line":129,"loc":{"start":{"line":129,"column":36},"end":{"line":129,"column":87}},"locations":[{"start":{"line":129,"column":36},"end":{"line":129,"column":87}}]},"29":{"type":"branch","line":129,"loc":{"start":{"line":129,"column":87},"end":{"line":131,"column":13}},"locations":[{"start":{"line":129,"column":87},"end":{"line":131,"column":13}}]},"30":{"type":"branch","line":131,"loc":{"start":{"line":131,"column":12},"end":{"line":135,"column":51}},"locations":[{"start":{"line":131,"column":12},"end":{"line":135,"column":51}}]},"31":{"type":"branch","line":135,"loc":{"start":{"line":135,"column":51},"end":{"line":145,"column":13}},"locations":[{"start":{"line":135,"column":51},"end":{"line":145,"column":13}}]},"32":{"type":"branch","line":135,"loc":{"start":{"line":135,"column":51},"end":{"line":137,"column":13}},"locations":[{"start":{"line":135,"column":51},"end":{"line":137,"column":13}}]},"33":{"type":"branch","line":146,"loc":{"start":{"line":146,"column":8},"end":{"line":150,"column":5}},"locations":[{"start":{"line":146,"column":8},"end":{"line":150,"column":5}}]},"34":{"type":"branch","line":159,"loc":{"start":{"line":159,"column":0},"end":{"line":181,"column":1}},"locations":[{"start":{"line":159,"column":0},"end":{"line":181,"column":1}}]},"35":{"type":"branch","line":163,"loc":{"start":{"line":163,"column":9},"end":{"line":174,"column":9}},"locations":[{"start":{"line":163,"column":9},"end":{"line":174,"column":9}}]},"36":{"type":"branch","line":167,"loc":{"start":{"line":167,"column":50},"end":{"line":168,"column":45}},"locations":[{"start":{"line":167,"column":50},"end":{"line":168,"column":45}}]},"37":{"type":"branch","line":168,"loc":{"start":{"line":168,"column":44},"end":{"line":169,"column":21}},"locations":[{"start":{"line":168,"column":44},"end":{"line":169,"column":21}}]},"38":{"type":"branch","line":171,"loc":{"start":{"line":171,"column":31},"end":{"line":173,"column":13}},"locations":[{"start":{"line":171,"column":31},"end":{"line":173,"column":13}}]},"39":{"type":"branch","line":174,"loc":{"start":{"line":174,"column":8},"end":{"line":177,"column":12}},"locations":[{"start":{"line":174,"column":8},"end":{"line":177,"column":12}}]},"40":{"type":"branch","line":177,"loc":{"start":{"line":177,"column":4},"end":{"line":180,"column":5}},"locations":[{"start":{"line":177,"column":4},"end":{"line":180,"column":5}}]}},"b":{"0":[21],"1":[20],"2":[2],"3":[19],"4":[18],"5":[2],"6":[32],"7":[0],"8":[31],"9":[13],"10":[12],"11":[1],"12":[12],"13":[0],"14":[12],"15":[1],"16":[11],"17":[32],"18":[1],"19":[10],"20":[21],"21":[13],"22":[7],"23":[4],"24":[4],"25":[4],"26":[4],"27":[3],"28":[3],"29":[1],"30":[3],"31":[2],"32":[1],"33":[0],"34":[15],"35":[11],"36":[3],"37":[8],"38":[3],"39":[8],"40":[4]},"fnMap":{"0":{"name":"validateQuery","decl":{"start":{"line":23,"column":0},"end":{"line":27,"column":1}},"loc":{"start":{"line":23,"column":0},"end":{"line":27,"column":1}},"line":23},"1":{"name":"validateK","decl":{"start":{"line":33,"column":0},"end":{"line":37,"column":1}},"loc":{"start":{"line":33,"column":0},"end":{"line":37,"column":1}},"line":33},"2":{"name":"isValidSearchResult","decl":{"start":{"line":42,"column":0},"end":{"line":52,"column":1}},"loc":{"start":{"line":42,"column":0},"end":{"line":52,"column":1}},"line":42},"3":{"name":"validateSearchResponse","decl":{"start":{"line":58,"column":0},"end":{"line":87,"column":1}},"loc":{"start":{"line":58,"column":0},"end":{"line":87,"column":1}},"line":58},"4":{"name":"search","decl":{"start":{"line":100,"column":0},"end":{"line":151,"column":1}},"loc":{"start":{"line":100,"column":0},"end":{"line":151,"column":1}},"line":100},"5":{"name":"checkHealth","decl":{"start":{"line":159,"column":0},"end":{"line":181,"column":1}},"loc":{"start":{"line":159,"column":0},"end":{"line":181,"column":1}},"line":159}},"f":{"0":21,"1":19,"2":32,"3":13,"4":21,"5":15}}
,"/Users/vilastadoori/_Haystack_proj/gui/haystack-gui/src/types/search.ts": {"path":"/Users/vilastadoori/_Haystack_proj/gui/haystack-gui/src/types/search.ts","all":false,"statementMap":{"7":{"start":{"line":8,"column":0},"end":{"line":8,"column":41}},"8":{"start":{"line":9,"column":0},"end":{"line":9,"column":87}},"9":{"start":{"line":10,"column":0},"end":{"line":10,"column":23}},"10":{"start":{"line":11,"column":0},"end":{"line":11,"column":35}},"11":{"start":{"line":12,"column":0},"end":{"line":12,"column":60}},"13":{"start":{"line":14,"column":0},"end":{"line":14,"column":5}},"14":{"start":{"line":15,"column":0},"end":{"line":15,"column":1}},"16":{"start":{"line":17,"column":0},"end":{"line":17,"column":41}},"17":{"start":{"line":18,"column":0},"end":{"line":18,"column":94}},"18":{"start":{"line":19,"column":0},"end":{"line":19,"column":23}},"19":{"start":{"line":20,"column":0},"end":{"line":20,"column":35}},"20":{"start":{"line":21,"column":0},"end":{"line":21,"column":60}},"21":{"start":{"line":22,"column":0},"end":{"line":22,"column":5}},"22":{"start":{"line":23,"column":0},"end":{"line":23,"column":1}},"24":{"start":{"line":25,"column":0},"end":{"line":25,"column":38}},"25":{"start":{"line":26,"column":0},"end":{"line":26,"column":35}},"27":{"start":{"line":28,"column":0},"end":{"line":28,"column":89}},"28":{"start":{"line":29,"column":0},"end":{"line":29,"column":23}},"29":{"start":{"line":30,"column":0},"end":{"line":30,"column":32}},"30":{"start":{"line":31,"column":0},"end":{"line":31,"column":29}},"31":{"start":{"line":32,"column":0},"end":{"line":32,"column":57}},"32":{"start":{"line":33,"column":0},"end":{"line":33,"column":5}},"33":{"start":{"line":34,"column":0},"end":{"line":34,"column":1}},"35":{"start":{"line":36,"column":0},"end":{"line":36,"column":49}},"36":{"start":{"line":37,"column":0},"end":{"line":37,"column":62}},"37":{"start":{"line":38,"column":0},"end":{"line":38,"column":23}},"38":{"start":{"line":39,"column":0},"end":{"line":39,"column":43}},"39":{"start":{"line":40,"column":0},"end":{"line":40,"column":68}},"40":{"start":{"line":41,"column":0},"end":{"line":41,"column":5}},"41":{"start":{"line":42,"column":0},"end":{"line":42,"column":1}}},"s":{"7":1,"8":1,"9":1,"10":1,"11":1,"13":1,"14":1,"16":1,"17":1,"18":1,"19":1,"20":1,"21":1,"22":1,"24":1,"25":1,"27":1,"28":2,"29":2,"30":2,"31":2,"32":2,"33":1,"35":1,"36":1,"37":3,"38":3,"39":3,"40":3,"41":1},"branchMap":{"0":{"type":"branch","line":9,"loc":{"start":{"line":9,"column":4},"end":{"line":14,"column":5}},"locations":[{"start":{"line":9,"column":4},"end":{"line":14,"column":5}}]},"1":{"type":"branch","line":18,"loc":{"start":{"line":18,"column":4},"end":{"line":22,"column":5}},"locations":[{"start":{"line":18,"column":4},"end":{"line":22,"column":5}}]},"2":{"type":"branch","line":26,"loc":{"start":{"line":26,"column":20},"end":{"line":26,"column":35}},"locations":[{"start":{"line":26,"column":20},"end":{"line":26,"column":35}}]},"3":{"type":"branch","line":28,"loc":{"start":{"line":28,"column":4},"end":{"line":33,"column":5}},"locations":[{"start":{"line":28,"column":4},"end":{"line":33,"column":5}}]},"4":{"type":"branch","line":37,"loc":{"start":{"line":37,"column":4},"end":{"line":41,"column":5}},"locations":[{"start":{"line":37,"column":4},"end":{"line":41,"column":5}}]}},"b":{"0":[1],"1":[1],"2":[2],"3":[2],"4":[3]},"fnMap":{"0":{"name":"NetworkError","decl":{"start":{"line":9,"column":4},"end":{"line":14,"column":5}},"loc":{"start":{"line":9,"column":4},"end":{"line":14,"column":5}},"line":9},"1":{"name":"TimeoutError","decl":{"start":{"line":18,"column":4},"end":{"line":22,"column":5}},"loc":{"start":{"line":18,"column":4},"end":{"line":22,"column":5}},"line":18},"2":{"name":"<instance_members_initializer>","decl":{"start":{"line":26,"column":20},"end":{"line":26,"column":35}},"loc":{"start":{"line":26,"column":20},"end":{"line":26,"column":35}},"line":26},"3":{"name":"HttpError","decl":{"start":{"line":28,"column":4},"end":{"line":33,"column":5}},"loc":{"start":{"line":28,"column":4},"end":{"line":33,"column":5}},"line":28},"4":{"name":"InvalidResponseError","decl":{"start":{"line":37,"column":4},"end":{"line":41,"column":5}},"loc":{"start":{"line":37,"column":4},"end":{"line":41,"column":5}},"line":37}},"f":{"0":1,"1":1,"2":2,"3":2,"4":3}}
,"/Users/vilastadoori/_Haystack_proj/gui/haystack-gui/src/utils/formatters.ts": {"path":"/Users/vilastadoori/_Haystack_proj/gui/haystack-gui/src/utils/formatters.ts","all":false,"statementMap":{"7":{"start":{"line":8,"column":0},"end":{"line":8,"column":52}},"10":{"start":{"line":11,"column":0},"end":{"line":11,"column":58}},"11":{"start":{"line":12,"column":0},"end":{"line":12,"column":30}},"12":{"start":{"line":13,"column":0},"end":{"line":13,"column":1}},"21":{"start":{"line":22,"column":0},"end":{"line":22,"column":60}},"23":{"start":{"line":24,"column":0},"end":{"line":24,"column":46}},"24":{"start":{"line":25,"column":0},"end":{"line":25,"column":23}},"25":{"start":{"line":26,"column":0},"end":{"line":26,"column":5}},"26":{"start":{"line":27,"column":0},"end":{"line":27,"column":27}},"27":{"start":{"line":28,"column":0},"end":{"line":28,"column":50}},"30":{"start":{"line":31,"column":0},"end":{"line":31,"column":21}},"31":{"start":{"line":32,"column":0},"end":{"line":32,"column":24}},"32":{"start":{"line":33,"column":0},"end":{"line":33,"column":5}},"34":{"start":{"line":35,"column":0},"end":{"line":35,"column":50}},"35":{"start":{"line":36,"column":0},"end":{"line":36,"column":57}},"36":{"start":{"line":37,"column":0},"end":{"line":37,"column":60}},"37":{"start":{"line":38,"column":0},"end":{"line":38,"column":64}},"40":{"start":{"line":41,"column":0},"end":{"line":41,"column":24}},"41":{"start":{"line":42,"column":0},"end":{"line":42,"column":34}},"42":{"start":{"line":43,"column":0},"end":{"line":43,"column":5}},"44":{"start":{"line":45,"column":0},"end":{"line":45,"column":25}},"45":{"start":{"line":46,"column":0},"end":{"line":46,"column":35}},"46":{"start":{"line":47,"column":0},"end":{"line":47,"column":5}},"48":{"start":{"line":49,"column":0},"end":{"line":49,"column":27}},"49":{"start":{"line":50,"column":0},"end":{"line":50,"column":37}},"50":{"start":{"line":51,"column":0},"end":{"line":51,"column":5}},"52":{"start":{"line":53,"column":0},"end":{"line":53,"column":33}},"53":{"start":{"line":54,"column":0},"end":{"line":54,"column":1}}},"s":{"7":1,"10":90,"11":90,"12":90,"21":1,"23":73,"24":19,"25":19,"26":54,"27":54,"30":73,"31":1,"32":1,"34":53,"35":53,"36":53,"37":53,"40":73,"41":2,"42":2,"44":73,"45":2,"46":2,"48":73,"49":2,"50":2,"52":47,"53":47},"branchMap":{"0":{"type":"branch","line":8,"loc":{"start":{"line":8,"column":7},"end":{"line":13,"column":1}},"locations":[{"start":{"line":8,"column":7},"end":{"line":13,"column":1}}]},"1":{"type":"branch","line":22,"loc":{"start":{"line":22,"column":7},"end":{"line":54,"column":1}},"locations":[{"start":{"line":22,"column":7},"end":{"line":54,"column":1}}]},"2":{"type":"branch","line":24,"loc":{"start":{"line":24,"column":17},"end":{"line":24,"column":45}},"locations":[{"start":{"line":24,"column":17},"end":{"line":24,"column":45}}]},"3":{"type":"branch","line":24,"loc":{"start":{"line":24,"column":45},"end":{"line":26,"column":5}},"locations":[{"start":{"line":24,"column":45},"end":{"line":26,"column":5}}]},"4":{"type":"branch","line":26,"loc":{"start":{"line":26,"column":4},"end":{"line":31,"column":20}},"locations":[{"start":{"line":26,"column":4},"end":{"line":31,"column":20}}]},"5":{"type":"branch","line":31,"loc":{"start":{"line":31,"column":20},"end":{"line":33,"column":5}},"locations":[{"start":{"line":31,"column":20},"end":{"line":33,"column":5}}]},"6":{"type":"branch","line":33,"loc":{"start":{"line":33,"column":4},"end":{"line":41,"column":23}},"locations":[{"start":{"line":33,"column":4},"end":{"line":41,"column":23}}]},"7":{"type":"branch","line":41,"loc":{"start":{"line":41,"column":23},"end":{"line":43,"column":5}},"locations":[{"start":{"line":41,"column":23},"end":{"line":43,"column":5}}]},"8":{"type":"branch","line":43,"loc":{"start":{"line":43,"column":4},"end":{"line":45,"column":24}},"locations":[{"start":{"line":43,"column":4},"end":{"line":45,"column":24}}]},"9":{"type":"branch","line":45,"loc":{"start":{"line":45,"column":24},"end":{"line":47,"column":5}},"locations":[{"start":{"line":45,"column":24},"end":{"line":47,"column":5}}]},"10":{"type":"branch","line":47,"loc":{"start":{"line":47,"column":4},"end":{"line":49,"column":26}},"locations":[{"start":{"line":47,"column":4},"end":{"line":49,"column":26}}]},"11":{"type":"branch","line":49,"loc":{"start":{"line":49,"column":26},"end":{"line":51,"column":5}},"locations":[{"start":{"line":49,"column":26},"end":{"line":51,"column":5}}]},"12":{"type":"branch","line":51,"loc":{"start":{"line":51,"column":4},"end":{"line":54,"column":1}},"locations":[{"start":{"line":51,"column":4},"end":{"line":54,"column":1}}]}},"b":{"0":[90],"1":[73],"2":[54],"3":[19],"4":[54],"5":[1],"6":[53],"7":[2],"8":[51],"9":[2],"10":[49],"11":[2],"12":[47]},"fnMap":{"0":{"name":"formatScore","decl":{"start":{"line":8,"column":7},"end":{"line":13,"column":1}},"loc":{"start":{"line":8,"column":7},"end":{"line":13,"column":1}},"line":8},"1":{"name":"formatTimestamp","decl":{"start":{"line":22,"column":7},"end":{"line":54,"column":1}},"loc":{"start":{"line":22,"column":7},"end":{"line":54,"column":1}},"line":22}},"f":{"0":90,"1":73}}
,"/Users/vilastadoori/_Haystack_proj/gui/haystack-gui/src/utils/validators.ts": {"path":"/Users/vilastadoori/_Haystack_proj/gui/haystack-gui/src/utils/validators.ts","all":false,"statementMap":{"5":{"start":{"line":6,"column":0},"end":{"line":6,"column":55}},"7":{"start":{"line":8,"column":0},"end":{"line":8,"column":22}},"8":{"start":{"line":9,"column":0},"end":{"line":9,"column":17}},"9":{"start":{"line":10,"column":0},"end":{"line":10,"column":3}},"12":{"start":{"line":13,"column":0},"end":{"line":13,"column":33}},"13":{"start":{"line":14,"column":0},"end":{"line":14,"column":1}},"20":{"start":{"line":21,"column":0},"end":{"line":21,"column":55}},"22":{"start":{"line":23,"column":0},"end":{"line":23,"column":50}},"23":{"start":{"line":24,"column":0},"end":{"line":24,"column":17}},"24":{"start":{"line":25,"column":0},"end":{"line":25,"column":3}},"27":{"start":{"line":28,"column":0},"end":{"line":28,"column":33}},"28":{"start":{"line":29,"column":0},"end":{"line":29,"column":17}},"29":{"start":{"line":30,"column":0},"end":{"line":30,"column":3}},"32":{"start":{"line":33,"column":0},"end":{"line":33,"column":35}},"33":{"start":{"line":34,"column":0},"end":{"line":34,"column":1}}},"s":{"5":1,"7":87,"8":2,"9":2,"12":85,"13":85,"20":1,"22":12,"23":0,"24":0,"27":12,"28":3,"29":3,"32":12,"33":12},"branchMap":{"0":{"type":"branch","line":6,"loc":{"start":{"line":6,"column":7},"end":{"line":14,"column":1}},"locations":[{"start":{"line":6,"column":7},"end":{"line":14,"column":1}}]},"1":{"type":"branch","line":8,"loc":{"start":{"line":8,"column":21},"end":{"line":10,"column":3}},"locations":[{"start":{"line":8,"column":21},"end":{"line":10,"column":3}}]},"2":{"type":"branch","line":10,"loc":{"start":{"line":10,"column":2},"end":{"line":14,"column":1}},"locations":[{"start":{"line":10,"column":2},"end":{"line":14,"column":1}}]},"3":{"type":"branch","line":21,"loc":{"start":{"line":21,"column":7},"end":{"line":34,"column":1}},"locations":[{"start":{"line":21,"column":7},"end":{"line":34,"column":1}}]},"4":{"type":"branch","line":23,"loc":{"start":{"line":23,"column":49},"end":{"line":25,"column":3}},"locations":[{"start":{"line":23,"column":49},"end":{"line":25,"column":3}}]},"5":{"type":"branch","line":28,"loc":{"start":{"line":28,"column":32},"end":{"line":30,"column":3}},"locations":[{"start":{"line":28,"column":32},"end":{"line":30,"column":3}}]},"6":{"type":"branch","line":30,"loc":{"start":{"line":30,"column":2},"end":{"line":33,"column":23}},"locations":[{"start":{"line":30,"column":2},"end":{"line":33,"column":23}}]},"7":{"type":"branch","line":33,"loc":{"start":{"line":33,"column":18},"end":{"line":33,"column":35}},"locations":[{"start":{"line":33,"column":18},"end":{"line":33,"column":35}}]}},"b":{"0":[87],"1":[2],"2":[85],"3":[12],"4":[0],"5":[3],"6":[9],"7":[6]},"fnMap":{"0":{"name":"validateQuery","decl":{"start":{"line":6,"column":7},"end":{"line":14,"column":1}},"loc":{"start":{"line":6,"column":7},"end":{"line":14,"column":1}},"line":6},"1":{"name":"validateLimit","decl":{"start":{"line":21,"column":7},"end":{"line":34,"column":1}},"loc":{"start":{"line":21,"column":7},"end":{"line":34,"column":1}},"line":21}},"f":{"0":87,"1":12}}
}
